{"/Users/user/NODE JS ADVENTURES/FIRST_CRUD_PROJECT/src/tests/index.js":{"path":"/Users/user/NODE JS ADVENTURES/FIRST_CRUD_PROJECT/src/tests/index.js","statementMap":{"0":{"start":{"line":3,"column":0},"end":{"line":3,"column":22}}},"fnMap":{},"branchMap":{},"s":{"0":1},"f":{},"b":{},"inputSourceMap":{"version":3,"names":["require"],"sourceRoot":"/Users/user/NODE JS ADVENTURES/FIRST_CRUD_PROJECT/src/tests/","sources":["index.js"],"sourcesContent":["// import \"./usertest\";\n\nimport \"./usertest\";\n\n\n\n"],"mappings":";;AAEAA,OAAA"},"_coverageSchema":"1a1c01bbd47fc00a2c39e90264f33305004495a9","hash":"81c7f0fb6c32768b26bff8a2097ae08329f83cdb","contentHash":"e577609b1b67237e2ca124c3817d33d6cc69222ee18544061faa82a5a9b0be97"},"/Users/user/NODE JS ADVENTURES/FIRST_CRUD_PROJECT/src/tests/usertest.js":{"path":"/Users/user/NODE JS ADVENTURES/FIRST_CRUD_PROJECT/src/tests/usertest.js","statementMap":{"0":{"start":{"line":3,"column":29},"end":{"line":3,"column":84}},"1":{"start":{"line":4,"column":0},"end":{"line":6,"column":3}},"2":{"start":{"line":7,"column":0},"end":{"line":7,"column":28}},"3":{"start":{"line":8,"column":12},"end":{"line":8,"column":51}},"4":{"start":{"line":9,"column":16},"end":{"line":9,"column":60}},"5":{"start":{"line":10,"column":14},"end":{"line":10,"column":58}},"6":{"start":{"line":11,"column":10},"end":{"line":11,"column":33}},"7":{"start":{"line":12,"column":20},"end":{"line":12,"column":45}},"8":{"start":{"line":13,"column":16},"end":{"line":13,"column":35}},"9":{"start":{"line":14,"column":0},"end":{"line":14,"column":26}},"10":{"start":{"line":15,"column":0},"end":{"line":15,"column":43}},"11":{"start":{"line":16,"column":0},"end":{"line":78,"column":3}},"12":{"start":{"line":17,"column":2},"end":{"line":20,"column":5}},"13":{"start":{"line":18,"column":4},"end":{"line":18,"column":25}},"14":{"start":{"line":19,"column":4},"end":{"line":19,"column":42}},"15":{"start":{"line":21,"column":2},"end":{"line":77,"column":5}},"16":{"start":{"line":22,"column":4},"end":{"line":29,"column":7}},"17":{"start":{"line":23,"column":6},"end":{"line":28,"column":9}},"18":{"start":{"line":24,"column":8},"end":{"line":24,"column":36}},"19":{"start":{"line":25,"column":8},"end":{"line":25,"column":39}},"20":{"start":{"line":26,"column":8},"end":{"line":26,"column":59}},"21":{"start":{"line":27,"column":8},"end":{"line":27,"column":86}},"22":{"start":{"line":30,"column":4},"end":{"line":34,"column":7}},"23":{"start":{"line":31,"column":6},"end":{"line":33,"column":9}},"24":{"start":{"line":32,"column":8},"end":{"line":32,"column":36}},"25":{"start":{"line":35,"column":4},"end":{"line":39,"column":7}},"26":{"start":{"line":36,"column":6},"end":{"line":38,"column":9}},"27":{"start":{"line":37,"column":8},"end":{"line":37,"column":36}},"28":{"start":{"line":40,"column":4},"end":{"line":48,"column":7}},"29":{"start":{"line":41,"column":6},"end":{"line":47,"column":9}},"30":{"start":{"line":42,"column":8},"end":{"line":46,"column":11}},"31":{"start":{"line":43,"column":10},"end":{"line":43,"column":38}},"32":{"start":{"line":44,"column":10},"end":{"line":44,"column":41}},"33":{"start":{"line":45,"column":10},"end":{"line":45,"column":91}},"34":{"start":{"line":49,"column":4},"end":{"line":76,"column":7}},"35":{"start":{"line":51,"column":6},"end":{"line":56,"column":9}},"36":{"start":{"line":52,"column":8},"end":{"line":55,"column":11}},"37":{"start":{"line":53,"column":10},"end":{"line":53,"column":29}},"38":{"start":{"line":53,"column":19},"end":{"line":53,"column":29}},"39":{"start":{"line":54,"column":10},"end":{"line":54,"column":34}},"40":{"start":{"line":57,"column":6},"end":{"line":62,"column":9}},"41":{"start":{"line":58,"column":8},"end":{"line":61,"column":11}},"42":{"start":{"line":59,"column":10},"end":{"line":59,"column":38}},"43":{"start":{"line":60,"column":10},"end":{"line":60,"column":79}},"44":{"start":{"line":63,"column":6},"end":{"line":69,"column":9}},"45":{"start":{"line":64,"column":8},"end":{"line":68,"column":11}},"46":{"start":{"line":65,"column":10},"end":{"line":65,"column":38}},"47":{"start":{"line":66,"column":10},"end":{"line":66,"column":41}},"48":{"start":{"line":67,"column":10},"end":{"line":67,"column":74}},"49":{"start":{"line":70,"column":6},"end":{"line":75,"column":9}},"50":{"start":{"line":71,"column":8},"end":{"line":74,"column":11}},"51":{"start":{"line":72,"column":10},"end":{"line":72,"column":38}},"52":{"start":{"line":73,"column":10},"end":{"line":73,"column":79}},"53":{"start":{"line":79,"column":15},"end":{"line":79,"column":27}},"54":{"start":{"line":117,"column":0},"end":{"line":117,"column":30}}},"fnMap":{"0":{"name":"(anonymous_0)","decl":{"start":{"line":16,"column":51},"end":{"line":16,"column":52}},"loc":{"start":{"line":16,"column":63},"end":{"line":78,"column":1}},"line":16},"1":{"name":"(anonymous_1)","decl":{"start":{"line":17,"column":9},"end":{"line":17,"column":10}},"loc":{"start":{"line":17,"column":21},"end":{"line":20,"column":3}},"line":17},"2":{"name":"(anonymous_2)","decl":{"start":{"line":21,"column":48},"end":{"line":21,"column":49}},"loc":{"start":{"line":21,"column":60},"end":{"line":77,"column":3}},"line":21},"3":{"name":"(anonymous_3)","decl":{"start":{"line":22,"column":69},"end":{"line":22,"column":70}},"loc":{"start":{"line":22,"column":81},"end":{"line":29,"column":5}},"line":22},"4":{"name":"(anonymous_4)","decl":{"start":{"line":23,"column":135},"end":{"line":23,"column":136}},"loc":{"start":{"line":23,"column":155},"end":{"line":28,"column":7}},"line":23},"5":{"name":"(anonymous_5)","decl":{"start":{"line":30,"column":69},"end":{"line":30,"column":70}},"loc":{"start":{"line":30,"column":81},"end":{"line":34,"column":5}},"line":30},"6":{"name":"(anonymous_6)","decl":{"start":{"line":31,"column":136},"end":{"line":31,"column":137}},"loc":{"start":{"line":31,"column":156},"end":{"line":33,"column":7}},"line":31},"7":{"name":"(anonymous_7)","decl":{"start":{"line":35,"column":71},"end":{"line":35,"column":72}},"loc":{"start":{"line":35,"column":83},"end":{"line":39,"column":5}},"line":35},"8":{"name":"(anonymous_8)","decl":{"start":{"line":36,"column":136},"end":{"line":36,"column":137}},"loc":{"start":{"line":36,"column":156},"end":{"line":38,"column":7}},"line":36},"9":{"name":"(anonymous_9)","decl":{"start":{"line":40,"column":55},"end":{"line":40,"column":56}},"loc":{"start":{"line":40,"column":67},"end":{"line":48,"column":5}},"line":40},"10":{"name":"(anonymous_10)","decl":{"start":{"line":41,"column":47},"end":{"line":41,"column":48}},"loc":{"start":{"line":41,"column":59},"end":{"line":47,"column":7}},"line":41},"11":{"name":"(anonymous_11)","decl":{"start":{"line":42,"column":71},"end":{"line":42,"column":72}},"loc":{"start":{"line":42,"column":91},"end":{"line":46,"column":9}},"line":42},"12":{"name":"(anonymous_12)","decl":{"start":{"line":49,"column":47},"end":{"line":49,"column":48}},"loc":{"start":{"line":49,"column":59},"end":{"line":76,"column":5}},"line":49},"13":{"name":"(anonymous_13)","decl":{"start":{"line":51,"column":13},"end":{"line":51,"column":14}},"loc":{"start":{"line":51,"column":25},"end":{"line":56,"column":7}},"line":51},"14":{"name":"(anonymous_14)","decl":{"start":{"line":52,"column":138},"end":{"line":52,"column":139}},"loc":{"start":{"line":52,"column":158},"end":{"line":55,"column":9}},"line":52},"15":{"name":"(anonymous_15)","decl":{"start":{"line":57,"column":46},"end":{"line":57,"column":47}},"loc":{"start":{"line":57,"column":58},"end":{"line":62,"column":7}},"line":57},"16":{"name":"(anonymous_16)","decl":{"start":{"line":58,"column":155},"end":{"line":58,"column":156}},"loc":{"start":{"line":58,"column":175},"end":{"line":61,"column":9}},"line":58},"17":{"name":"(anonymous_17)","decl":{"start":{"line":63,"column":46},"end":{"line":63,"column":47}},"loc":{"start":{"line":63,"column":58},"end":{"line":69,"column":7}},"line":63},"18":{"name":"(anonymous_18)","decl":{"start":{"line":64,"column":83},"end":{"line":64,"column":84}},"loc":{"start":{"line":64,"column":103},"end":{"line":68,"column":9}},"line":64},"19":{"name":"(anonymous_19)","decl":{"start":{"line":70,"column":46},"end":{"line":70,"column":47}},"loc":{"start":{"line":70,"column":58},"end":{"line":75,"column":7}},"line":70},"20":{"name":"(anonymous_20)","decl":{"start":{"line":71,"column":130},"end":{"line":71,"column":131}},"loc":{"start":{"line":71,"column":150},"end":{"line":74,"column":9}},"line":71}},"branchMap":{"0":{"loc":{"start":{"line":53,"column":10},"end":{"line":53,"column":29}},"type":"if","locations":[{"start":{"line":53,"column":10},"end":{"line":53,"column":29}},{"start":{"line":53,"column":10},"end":{"line":53,"column":29}}],"line":53}},"s":{"0":1,"1":1,"2":1,"3":1,"4":1,"5":1,"6":1,"7":1,"8":1,"9":1,"10":1,"11":1,"12":1,"13":1,"14":1,"15":1,"16":1,"17":1,"18":0,"19":0,"20":0,"21":0,"22":1,"23":1,"24":0,"25":1,"26":1,"27":0,"28":1,"29":1,"30":1,"31":0,"32":0,"33":0,"34":1,"35":1,"36":1,"37":0,"38":0,"39":0,"40":1,"41":1,"42":1,"43":1,"44":1,"45":1,"46":1,"47":1,"48":1,"49":1,"50":1,"51":1,"52":1,"53":1,"54":1},"f":{"0":1,"1":1,"2":1,"3":1,"4":0,"5":1,"6":0,"7":1,"8":0,"9":1,"10":1,"11":0,"12":1,"13":1,"14":0,"15":1,"16":1,"17":1,"18":1,"19":1,"20":1},"b":{"0":[0,0]},"inputSourceMap":{"version":3,"names":["_chai","_interopRequireDefault","require","_chaiHttp","_server","_db","_usertestdata","_mongoose","chai","should","use","chaiHttp","describe","before","connectDB","dropDB","it","request","server","post","set","send","user","end","err","res","have","status","body","be","a","property","eql","user4","user2","get","_id","user3","data","patch","concat","profile","_default","exports"],"sourceRoot":"/Users/user/NODE JS ADVENTURES/FIRST_CRUD_PROJECT/src/tests/","sources":["usertest.js"],"sourcesContent":["import chai from \"chai\";\nimport chaiHttp from \"chai-http\";\nimport server from \"../server\";\nimport {dropDB,connectDB} from \"../config/db\";\n\n\nimport {\n    user,\n    user2,\n    user3,\n    user4,\n    profile\n} from \"./usertestdata\";\nimport { connect } from \"mongoose\";\n\nchai.should();\nchai.use(chaiHttp);\n\ndescribe(\"Should handle correct user's behaviour\",  function () {\n  before(function () {  \n           connectDB();\n           dropDB(\"first-crud-project\");\n        });\n      describe(\"/user/signup should create a user\", function ()  {\n          it(\"it should create a user with complete details successfully\", function () {\n            chai\n              .request(server)\n              .post(\"/user/signup\")\n              .set(\"Accept\", \"application/json\")\n              .send(user)\n              .end((err, res) => {\n                res.should.have.status(201);\n                res.body.should.be.a(\"object\");\n                res.body.should.have.property(\"success\").eql(true);    \n                res.body.should.have.property(\"message\").eql(\"New User Created Successfully\");\n              }) \n          });\n          it(\"it should not create a user with an already taken username\", function () {\n            chai\n            .request(server)\n            .post(\"/user/signup\")\n            .set(\"Accept\", \"application/json\")\n            .send(user4)\n            .end((err, res) => {\n                res.should.have.status(409);\n              });\n        });\n        it(\"it should not create a user with an already registered email\", function () {\n            chai\n              .request(server)\n              .post(\"/user/signup\")\n              .set(\"Accept\", \"application/json\")\n              .send(user2)\n              .end((err, res) => {\n                res.should.have.status(409);\n              });\n        });\n        describe(\"/users should get all registered users\", function () {\n          it(\"it should get all registered users\", () => {\n              chai\n              .request(server)\n              .get(\"/users\")\n              .end((err, res) => {\n                  res.should.have.status(200);\n                  res.body.should.be.a(\"object\");\n                  res.body.should.have.property(\"message\").eql(\"All Users Retrieved Successfully\");\n              });\n          });\n        });\n        describe(\"Handle single user  operations\", function () {\n          let _id;\n          before ( function () {\n              chai\n              .request(server)\n              .post(\"/user/signup\")\n              .set(\"Accept\", \"application/json\")\n              .send(user3)\n              .end((err, res) => {\n                  if (err) throw err;\n                  _id = res.body.data._id;\n              });\n          });\n          it(\"it should update a user's profile\", function () {\n            chai\n              .request(server)\n              .patch(`/user/profile/${_id}`)\n              .set(\"Accept\", \"application/json\")\n              .send(profile)\n              .end((err, res) => {\n                res.should.have.status(200);\n                res.body.should.have.property(\"message\").eql(\"User Details Updated\");\n            });\n        });\n        it(\"it should get a single user by ID\", function () {\n            chai\n            .request(server)\n            .get(`/user/${_id}`)\n            .end((err, res) => {\n                res.should.have.status(200);\n                res.body.should.be.a(\"object\");\n                res.body.should.have.property(\"message\").eql(\"User retrieved!\");\n            });\n        });\n        it(\"it should delete a user's account\", function () {\n            chai\n              .request(server)\n              .delete(`/user/delete/${_id}`)\n              .set(\"Accept\", \"application/json\")\n              .end((err, res) => {\n                res.should.have.status(200);\n                res.body.should.have.property(\"message\").eql(\"User Account deleted\");\n            });\n        });\n    });\n      });\n  });\n  \n  export default \"./usertest\";\n\n\n\n\n\n\n\n\n\n\n\n\n\n\n\n\n\n\n\n\n\n\n\n\n\n\n\n\n\n\n\n\n\n\n\n\n\n\n// import chai from \"chai\";\n// import chaiHttp from \"chai-http\";\n// import server from \"../server\";\n// import {dropDB} from \"../config/db\";\n\n// import {\n//     user,\n//     user2,\n//     user3,\n//     user4,\n//     profile\n// } from \"./usertestdata\";\n\n// chai.should();\n// chai.use(chaiHttp);\n\n\n// describe(\"Should handle correct user's behaviour\", async () => {\n//     before(async () => {  \n//             await dropDB(\"CI_lesson_test\");\n//           });\n//           after(async()=>{\n//             await connectDB(\"CI_lesson_test\");\n//           });\n//         describe(\"/user/signup should create a user\", () => {\n//             it(\"it should create a user with complete details successfully\", (done) => {\n//               chai\n//                 .request(server)\n//                 .post(\"/user/signup\")\n//                 .set(\"Accept\", \"application/json\")\n//                 .send(user)\n//                 .end((err, res) => {\n//                   res.should.have.status(201);\n//                   res.body.should.be.a(\"object\");\n//                   res.body.should.have.property(\"success\").eql(true);    \n//                   res.body.should.have.property(\"message\").eql(\"New User Created Successfully\");\n//                   done();\n//                 });\n//             });\n//     });\n        \n//     });\n\n\n\n\n    ///\n    "],"mappings":";;;;;;;AAAA,IAAAA,KAAA,GAAAC,sBAAA,CAAAC,OAAA;AACA,IAAAC,SAAA,GAAAF,sBAAA,CAAAC,OAAA;AACA,IAAAE,OAAA,GAAAH,sBAAA,CAAAC,OAAA;AACA,IAAAG,GAAA,GAAAH,OAAA;AAGA,IAAAI,aAAA,GAAAJ,OAAA;AAOA,IAAAK,SAAA,GAAAL,OAAA;AAEAM,gBAAI,CAACC,MAAM,CAAC,CAAC;AACbD,gBAAI,CAACE,GAAG,CAACC,oBAAQ,CAAC;AAElBC,QAAQ,CAAC,wCAAwC,EAAG,YAAY;EAC9DC,MAAM,CAAC,YAAY;IACV,IAAAC,aAAS,EAAC,CAAC;IACX,IAAAC,UAAM,EAAC,oBAAoB,CAAC;EAC/B,CAAC,CAAC;EACJH,QAAQ,CAAC,mCAAmC,EAAE,YAAa;IACvDI,EAAE,CAAC,4DAA4D,EAAE,YAAY;MAC3ER,gBAAI,CACDS,OAAO,CAACC,kBAAM,CAAC,CACfC,IAAI,CAAC,cAAc,CAAC,CACpBC,GAAG,CAAC,QAAQ,EAAE,kBAAkB,CAAC,CACjCC,IAAI,CAACC,kBAAI,CAAC,CACVC,GAAG,CAAC,UAACC,GAAG,EAAEC,GAAG,EAAK;QACjBA,GAAG,CAAChB,MAAM,CAACiB,IAAI,CAACC,MAAM,CAAC,GAAG,CAAC;QAC3BF,GAAG,CAACG,IAAI,CAACnB,MAAM,CAACoB,EAAE,CAACC,CAAC,CAAC,QAAQ,CAAC;QAC9BL,GAAG,CAACG,IAAI,CAACnB,MAAM,CAACiB,IAAI,CAACK,QAAQ,CAAC,SAAS,CAAC,CAACC,GAAG,CAAC,IAAI,CAAC;QAClDP,GAAG,CAACG,IAAI,CAACnB,MAAM,CAACiB,IAAI,CAACK,QAAQ,CAAC,SAAS,CAAC,CAACC,GAAG,CAAC,+BAA+B,CAAC;MAC/E,CAAC,CAAC;IACN,CAAC,CAAC;IACFhB,EAAE,CAAC,4DAA4D,EAAE,YAAY;MAC3ER,gBAAI,CACHS,OAAO,CAACC,kBAAM,CAAC,CACfC,IAAI,CAAC,cAAc,CAAC,CACpBC,GAAG,CAAC,QAAQ,EAAE,kBAAkB,CAAC,CACjCC,IAAI,CAACY,mBAAK,CAAC,CACXV,GAAG,CAAC,UAACC,GAAG,EAAEC,GAAG,EAAK;QACfA,GAAG,CAAChB,MAAM,CAACiB,IAAI,CAACC,MAAM,CAAC,GAAG,CAAC;MAC7B,CAAC,CAAC;IACR,CAAC,CAAC;IACFX,EAAE,CAAC,8DAA8D,EAAE,YAAY;MAC3ER,gBAAI,CACDS,OAAO,CAACC,kBAAM,CAAC,CACfC,IAAI,CAAC,cAAc,CAAC,CACpBC,GAAG,CAAC,QAAQ,EAAE,kBAAkB,CAAC,CACjCC,IAAI,CAACa,mBAAK,CAAC,CACXX,GAAG,CAAC,UAACC,GAAG,EAAEC,GAAG,EAAK;QACjBA,GAAG,CAAChB,MAAM,CAACiB,IAAI,CAACC,MAAM,CAAC,GAAG,CAAC;MAC7B,CAAC,CAAC;IACR,CAAC,CAAC;IACFf,QAAQ,CAAC,wCAAwC,EAAE,YAAY;MAC7DI,EAAE,CAAC,oCAAoC,EAAE,YAAM;QAC3CR,gBAAI,CACHS,OAAO,CAACC,kBAAM,CAAC,CACfiB,GAAG,CAAC,QAAQ,CAAC,CACbZ,GAAG,CAAC,UAACC,GAAG,EAAEC,GAAG,EAAK;UACfA,GAAG,CAAChB,MAAM,CAACiB,IAAI,CAACC,MAAM,CAAC,GAAG,CAAC;UAC3BF,GAAG,CAACG,IAAI,CAACnB,MAAM,CAACoB,EAAE,CAACC,CAAC,CAAC,QAAQ,CAAC;UAC9BL,GAAG,CAACG,IAAI,CAACnB,MAAM,CAACiB,IAAI,CAACK,QAAQ,CAAC,SAAS,CAAC,CAACC,GAAG,CAAC,kCAAkC,CAAC;QACpF,CAAC,CAAC;MACN,CAAC,CAAC;IACJ,CAAC,CAAC;IACFpB,QAAQ,CAAC,gCAAgC,EAAE,YAAY;MACrD,IAAIwB,GAAG;MACPvB,MAAM,CAAG,YAAY;QACjBL,gBAAI,CACHS,OAAO,CAACC,kBAAM,CAAC,CACfC,IAAI,CAAC,cAAc,CAAC,CACpBC,GAAG,CAAC,QAAQ,EAAE,kBAAkB,CAAC,CACjCC,IAAI,CAACgB,mBAAK,CAAC,CACXd,GAAG,CAAC,UAACC,GAAG,EAAEC,GAAG,EAAK;UACf,IAAID,GAAG,EAAE,MAAMA,GAAG;UAClBY,GAAG,GAAGX,GAAG,CAACG,IAAI,CAACU,IAAI,CAACF,GAAG;QAC3B,CAAC,CAAC;MACN,CAAC,CAAC;MACFpB,EAAE,CAAC,mCAAmC,EAAE,YAAY;QAClDR,gBAAI,CACDS,OAAO,CAACC,kBAAM,CAAC,CACfqB,KAAK,kBAAAC,MAAA,CAAkBJ,GAAG,CAAE,CAAC,CAC7BhB,GAAG,CAAC,QAAQ,EAAE,kBAAkB,CAAC,CACjCC,IAAI,CAACoB,qBAAO,CAAC,CACblB,GAAG,CAAC,UAACC,GAAG,EAAEC,GAAG,EAAK;UACjBA,GAAG,CAAChB,MAAM,CAACiB,IAAI,CAACC,MAAM,CAAC,GAAG,CAAC;UAC3BF,GAAG,CAACG,IAAI,CAACnB,MAAM,CAACiB,IAAI,CAACK,QAAQ,CAAC,SAAS,CAAC,CAACC,GAAG,CAAC,sBAAsB,CAAC;QACxE,CAAC,CAAC;MACN,CAAC,CAAC;MACFhB,EAAE,CAAC,mCAAmC,EAAE,YAAY;QAChDR,gBAAI,CACHS,OAAO,CAACC,kBAAM,CAAC,CACfiB,GAAG,UAAAK,MAAA,CAAUJ,GAAG,CAAE,CAAC,CACnBb,GAAG,CAAC,UAACC,GAAG,EAAEC,GAAG,EAAK;UACfA,GAAG,CAAChB,MAAM,CAACiB,IAAI,CAACC,MAAM,CAAC,GAAG,CAAC;UAC3BF,GAAG,CAACG,IAAI,CAACnB,MAAM,CAACoB,EAAE,CAACC,CAAC,CAAC,QAAQ,CAAC;UAC9BL,GAAG,CAACG,IAAI,CAACnB,MAAM,CAACiB,IAAI,CAACK,QAAQ,CAAC,SAAS,CAAC,CAACC,GAAG,CAAC,iBAAiB,CAAC;QACnE,CAAC,CAAC;MACN,CAAC,CAAC;MACFhB,EAAE,CAAC,mCAAmC,EAAE,YAAY;QAChDR,gBAAI,CACDS,OAAO,CAACC,kBAAM,CAAC,UACT,iBAAAsB,MAAA,CAAiBJ,GAAG,CAAE,CAAC,CAC7BhB,GAAG,CAAC,QAAQ,EAAE,kBAAkB,CAAC,CACjCG,GAAG,CAAC,UAACC,GAAG,EAAEC,GAAG,EAAK;UACjBA,GAAG,CAAChB,MAAM,CAACiB,IAAI,CAACC,MAAM,CAAC,GAAG,CAAC;UAC3BF,GAAG,CAACG,IAAI,CAACnB,MAAM,CAACiB,IAAI,CAACK,QAAQ,CAAC,SAAS,CAAC,CAACC,GAAG,CAAC,sBAAsB,CAAC;QACxE,CAAC,CAAC;MACN,CAAC,CAAC;IACN,CAAC,CAAC;EACA,CAAC,CAAC;AACN,CAAC,CAAC;AAAC,IAAAU,QAAA,GAEY,YAAY,EAuC7B;AACA;AACA;AACA;AAEA;AACA;AACA;AACA;AACA;AACA;AACA;AAEA;AACA;AAGA;AACA;AACA;AACA;AACA;AACA;AACA;AACA;AACA;AACA;AACA;AACA;AACA;AACA;AACA;AACA;AACA;AACA;AACA;AACA;AACA;AACA;AACA;AAEA;AAKI;AAAAC,OAAA,cAAAD,QAAA"},"_coverageSchema":"1a1c01bbd47fc00a2c39e90264f33305004495a9","hash":"9eb3f172ff1e69cf2cbcb0480aef8796276558ca","contentHash":"99d6dd84373511de5e0571c72cc36b444b6ac65bdda12d449f3ff39136bdc36a"},"/Users/user/NODE JS ADVENTURES/FIRST_CRUD_PROJECT/src/server.js":{"path":"/Users/user/NODE JS ADVENTURES/FIRST_CRUD_PROJECT/src/server.js","statementMap":{"0":{"start":{"line":3,"column":29},"end":{"line":3,"column":84}},"1":{"start":{"line":4,"column":0},"end":{"line":6,"column":3}},"2":{"start":{"line":7,"column":0},"end":{"line":7,"column":28}},"3":{"start":{"line":8,"column":15},"end":{"line":8,"column":57}},"4":{"start":{"line":9,"column":14},"end":{"line":9,"column":55}},"5":{"start":{"line":10,"column":12},"end":{"line":10,"column":51}},"6":{"start":{"line":11,"column":10},"end":{"line":11,"column":32}},"7":{"start":{"line":12,"column":13},"end":{"line":12,"column":62}},"8":{"start":{"line":13,"column":10},"end":{"line":13,"column":36}},"9":{"start":{"line":14,"column":11},"end":{"line":14,"column":35}},"10":{"start":{"line":15,"column":0},"end":{"line":15,"column":28}},"11":{"start":{"line":16,"column":0},"end":{"line":16,"column":33}},"12":{"start":{"line":17,"column":0},"end":{"line":17,"column":36}},"13":{"start":{"line":20,"column":0},"end":{"line":20,"column":21}},"14":{"start":{"line":23,"column":0},"end":{"line":23,"column":32}},"15":{"start":{"line":24,"column":0},"end":{"line":26,"column":3}},"16":{"start":{"line":25,"column":2},"end":{"line":25,"column":26}},"17":{"start":{"line":27,"column":0},"end":{"line":29,"column":3}},"18":{"start":{"line":28,"column":2},"end":{"line":28,"column":54}},"19":{"start":{"line":30,"column":15},"end":{"line":30,"column":18}},"20":{"start":{"line":31,"column":0},"end":{"line":31,"column":30}}},"fnMap":{"0":{"name":"(anonymous_0)","decl":{"start":{"line":24,"column":13},"end":{"line":24,"column":14}},"loc":{"start":{"line":24,"column":33},"end":{"line":26,"column":1}},"line":24},"1":{"name":"(anonymous_1)","decl":{"start":{"line":27,"column":17},"end":{"line":27,"column":18}},"loc":{"start":{"line":27,"column":29},"end":{"line":29,"column":1}},"line":27}},"branchMap":{"0":{"loc":{"start":{"line":14,"column":11},"end":{"line":14,"column":35}},"type":"binary-expr","locations":[{"start":{"line":14,"column":11},"end":{"line":14,"column":27}},{"start":{"line":14,"column":31},"end":{"line":14,"column":35}}],"line":14}},"s":{"0":1,"1":1,"2":1,"3":1,"4":1,"5":1,"6":1,"7":1,"8":1,"9":1,"10":1,"11":1,"12":1,"13":1,"14":1,"15":1,"16":0,"17":1,"18":1,"19":1,"20":1},"f":{"0":0,"1":1},"b":{"0":[1,1]},"inputSourceMap":{"version":3,"names":["_express","_interopRequireDefault","require","_dotenv","_cors","_db","_index","app","express","PORT","process","env","dotenv","config","use","cors","json","connectDB","router","get","req","res","send","listen","console","log","concat","_default","exports"],"sourceRoot":"/Users/user/NODE JS ADVENTURES/FIRST_CRUD_PROJECT/src/","sources":["server.js"],"sourcesContent":["import express from \"express\";\nimport dotenv from \"dotenv\";\nimport cors from \"cors\";\nimport {connectDB} from \"./config/db\";\nimport router from \"./routes/index\";\n\nconst app = express();\nconst PORT = process.env.PORT || 4000\n\n\ndotenv.config();\n\napp.use(cors());\napp.use(express.json());\n\n//connect to MongoDB database\nconnectDB();\n\n//routes\napp.use(\"/\",router);\n\napp.get(\"/\", (req,res) => {\n    res.send(\"GET STARTED\");\n});\n\napp.listen(PORT,()=> {\n    console.log(`Server started on port ${PORT}`)\n});\n\n\nexport default app;"],"mappings":";;;;;;;AAAA,IAAAA,QAAA,GAAAC,sBAAA,CAAAC,OAAA;AACA,IAAAC,OAAA,GAAAF,sBAAA,CAAAC,OAAA;AACA,IAAAE,KAAA,GAAAH,sBAAA,CAAAC,OAAA;AACA,IAAAG,GAAA,GAAAH,OAAA;AACA,IAAAI,MAAA,GAAAL,sBAAA,CAAAC,OAAA;AAEA,IAAMK,GAAG,GAAG,IAAAC,mBAAO,EAAC,CAAC;AACrB,IAAMC,IAAI,GAAGC,OAAO,CAACC,GAAG,CAACF,IAAI,IAAI,IAAI;AAGrCG,kBAAM,CAACC,MAAM,CAAC,CAAC;AAEfN,GAAG,CAACO,GAAG,CAAC,IAAAC,gBAAI,EAAC,CAAC,CAAC;AACfR,GAAG,CAACO,GAAG,CAACN,mBAAO,CAACQ,IAAI,CAAC,CAAC,CAAC;;AAEvB;AACA,IAAAC,aAAS,EAAC,CAAC;;AAEX;AACAV,GAAG,CAACO,GAAG,CAAC,GAAG,EAACI,iBAAM,CAAC;AAEnBX,GAAG,CAACY,GAAG,CAAC,GAAG,EAAE,UAACC,GAAG,EAACC,GAAG,EAAK;EACtBA,GAAG,CAACC,IAAI,CAAC,aAAa,CAAC;AAC3B,CAAC,CAAC;AAEFf,GAAG,CAACgB,MAAM,CAACd,IAAI,EAAC,YAAK;EACjBe,OAAO,CAACC,GAAG,2BAAAC,MAAA,CAA2BjB,IAAI,CAAE,CAAC;AACjD,CAAC,CAAC;AAAC,IAAAkB,QAAA,GAGYpB,GAAG;AAAAqB,OAAA,cAAAD,QAAA"},"_coverageSchema":"1a1c01bbd47fc00a2c39e90264f33305004495a9","hash":"c8065e0d5e04a09408084ac44da7a9e023aee4c1","contentHash":"4fae4734f82cb3a196eceb1cd1fb06d63eb886aa9db066e6eed50ec7de4b80f3"},"/Users/user/NODE JS ADVENTURES/FIRST_CRUD_PROJECT/src/config/db.js":{"path":"/Users/user/NODE JS ADVENTURES/FIRST_CRUD_PROJECT/src/config/db.js","statementMap":{"0":{"start":{"line":3,"column":29},"end":{"line":3,"column":84}},"1":{"start":{"line":4,"column":0},"end":{"line":6,"column":3}},"2":{"start":{"line":7,"column":0},"end":{"line":7,"column":44}},"3":{"start":{"line":8,"column":19},"end":{"line":8,"column":80}},"4":{"start":{"line":9,"column":25},"end":{"line":9,"column":99}},"5":{"start":{"line":10,"column":16},"end":{"line":10,"column":59}},"6":{"start":{"line":11,"column":14},"end":{"line":11,"column":55}},"7":{"start":{"line":14,"column":0},"end":{"line":14,"column":28}},"8":{"start":{"line":15,"column":0},"end":{"line":15,"column":39}},"9":{"start":{"line":16,"column":0},"end":{"line":16,"column":34}},"10":{"start":{"line":17,"column":29},"end":{"line":71,"column":3}},"11":{"start":{"line":18,"column":13},"end":{"line":67,"column":5}},"12":{"start":{"line":20,"column":4},"end":{"line":66,"column":33}},"13":{"start":{"line":21,"column":6},"end":{"line":65,"column":7}},"14":{"start":{"line":21,"column":16},"end":{"line":65,"column":7}},"15":{"start":{"line":23,"column":10},"end":{"line":23,"column":28}},"16":{"start":{"line":24,"column":10},"end":{"line":29,"column":12}},"17":{"start":{"line":30,"column":10},"end":{"line":30,"column":38}},"18":{"start":{"line":31,"column":10},"end":{"line":31,"column":45}},"19":{"start":{"line":32,"column":10},"end":{"line":32,"column":95}},"20":{"start":{"line":33,"column":10},"end":{"line":33,"column":16}},"21":{"start":{"line":35,"column":10},"end":{"line":35,"column":28}},"22":{"start":{"line":36,"column":10},"end":{"line":36,"column":73}},"23":{"start":{"line":38,"column":10},"end":{"line":38,"column":34}},"24":{"start":{"line":39,"column":10},"end":{"line":39,"column":29}},"25":{"start":{"line":40,"column":10},"end":{"line":40,"column":46}},"26":{"start":{"line":42,"column":10},"end":{"line":42,"column":29}},"27":{"start":{"line":43,"column":10},"end":{"line":43,"column":74}},"28":{"start":{"line":45,"column":10},"end":{"line":45,"column":34}},"29":{"start":{"line":46,"column":10},"end":{"line":46,"column":30}},"30":{"start":{"line":47,"column":10},"end":{"line":47,"column":46}},"31":{"start":{"line":49,"column":10},"end":{"line":49,"column":52}},"32":{"start":{"line":52,"column":10},"end":{"line":52,"column":34}},"33":{"start":{"line":53,"column":10},"end":{"line":53,"column":124}},"34":{"start":{"line":54,"column":10},"end":{"line":54,"column":29}},"35":{"start":{"line":55,"column":10},"end":{"line":55,"column":16}},"36":{"start":{"line":57,"column":10},"end":{"line":57,"column":29}},"37":{"start":{"line":58,"column":10},"end":{"line":58,"column":45}},"38":{"start":{"line":59,"column":10},"end":{"line":59,"column":56}},"39":{"start":{"line":64,"column":10},"end":{"line":64,"column":33}},"40":{"start":{"line":68,"column":2},"end":{"line":70,"column":4}},"41":{"start":{"line":69,"column":4},"end":{"line":69,"column":39}},"42":{"start":{"line":72,"column":0},"end":{"line":72,"column":30}},"43":{"start":{"line":73,"column":26},"end":{"line":98,"column":3}},"44":{"start":{"line":74,"column":14},"end":{"line":94,"column":5}},"45":{"start":{"line":76,"column":4},"end":{"line":93,"column":33}},"46":{"start":{"line":77,"column":6},"end":{"line":92,"column":7}},"47":{"start":{"line":77,"column":16},"end":{"line":92,"column":7}},"48":{"start":{"line":79,"column":10},"end":{"line":79,"column":29}},"49":{"start":{"line":80,"column":10},"end":{"line":82,"column":11}},"50":{"start":{"line":81,"column":12},"end":{"line":81,"column":89}},"51":{"start":{"line":83,"column":10},"end":{"line":83,"column":29}},"52":{"start":{"line":84,"column":10},"end":{"line":84,"column":16}},"53":{"start":{"line":86,"column":10},"end":{"line":86,"column":29}},"54":{"start":{"line":87,"column":10},"end":{"line":87,"column":47}},"55":{"start":{"line":88,"column":10},"end":{"line":88,"column":29}},"56":{"start":{"line":91,"column":10},"end":{"line":91,"column":34}},"57":{"start":{"line":95,"column":2},"end":{"line":97,"column":4}},"58":{"start":{"line":96,"column":4},"end":{"line":96,"column":40}},"59":{"start":{"line":174,"column":0},"end":{"line":174,"column":24}}},"fnMap":{"0":{"name":"(anonymous_0)","decl":{"start":{"line":17,"column":29},"end":{"line":17,"column":30}},"loc":{"start":{"line":17,"column":41},"end":{"line":71,"column":1}},"line":17},"1":{"name":"_callee","decl":{"start":{"line":18,"column":100},"end":{"line":18,"column":107}},"loc":{"start":{"line":18,"column":110},"end":{"line":67,"column":3}},"line":18},"2":{"name":"_callee$","decl":{"start":{"line":20,"column":49},"end":{"line":20,"column":57}},"loc":{"start":{"line":20,"column":68},"end":{"line":66,"column":5}},"line":20},"3":{"name":"connectDB","decl":{"start":{"line":68,"column":18},"end":{"line":68,"column":27}},"loc":{"start":{"line":68,"column":30},"end":{"line":70,"column":3}},"line":68},"4":{"name":"(anonymous_4)","decl":{"start":{"line":73,"column":26},"end":{"line":73,"column":27}},"loc":{"start":{"line":73,"column":38},"end":{"line":98,"column":1}},"line":73},"5":{"name":"_callee2","decl":{"start":{"line":74,"column":101},"end":{"line":74,"column":109}},"loc":{"start":{"line":74,"column":112},"end":{"line":94,"column":3}},"line":74},"6":{"name":"_callee2$","decl":{"start":{"line":76,"column":49},"end":{"line":76,"column":58}},"loc":{"start":{"line":76,"column":70},"end":{"line":93,"column":5}},"line":76},"7":{"name":"(anonymous_7)","decl":{"start":{"line":81,"column":73},"end":{"line":81,"column":74}},"loc":{"start":{"line":81,"column":85},"end":{"line":81,"column":87}},"line":81},"8":{"name":"dropDB","decl":{"start":{"line":95,"column":18},"end":{"line":95,"column":24}},"loc":{"start":{"line":95,"column":27},"end":{"line":97,"column":3}},"line":95}},"branchMap":{"0":{"loc":{"start":{"line":21,"column":16},"end":{"line":65,"column":7}},"type":"switch","locations":[{"start":{"line":22,"column":8},"end":{"line":33,"column":16}},{"start":{"line":34,"column":8},"end":{"line":36,"column":73}},{"start":{"line":37,"column":8},"end":{"line":40,"column":46}},{"start":{"line":41,"column":8},"end":{"line":43,"column":74}},{"start":{"line":44,"column":8},"end":{"line":47,"column":46}},{"start":{"line":48,"column":8},"end":{"line":49,"column":52}},{"start":{"line":50,"column":8},"end":{"line":55,"column":16}},{"start":{"line":56,"column":8},"end":{"line":59,"column":56}},{"start":{"line":60,"column":8},"end":{"line":61,"column":11}},{"start":{"line":62,"column":8},"end":{"line":62,"column":16}},{"start":{"line":63,"column":8},"end":{"line":64,"column":33}}],"line":21},"1":{"loc":{"start":{"line":32,"column":26},"end":{"line":32,"column":94}},"type":"cond-expr","locations":[{"start":{"line":32,"column":58},"end":{"line":32,"column":59}},{"start":{"line":32,"column":62},"end":{"line":32,"column":94}}],"line":32},"2":{"loc":{"start":{"line":32,"column":62},"end":{"line":32,"column":94}},"type":"cond-expr","locations":[{"start":{"line":32,"column":87},"end":{"line":32,"column":89}},{"start":{"line":32,"column":92},"end":{"line":32,"column":94}}],"line":32},"3":{"loc":{"start":{"line":77,"column":16},"end":{"line":92,"column":7}},"type":"switch","locations":[{"start":{"line":78,"column":8},"end":{"line":84,"column":16}},{"start":{"line":85,"column":8},"end":{"line":88,"column":29}},{"start":{"line":89,"column":8},"end":{"line":89,"column":15}},{"start":{"line":90,"column":8},"end":{"line":91,"column":34}}],"line":77}},"s":{"0":1,"1":1,"2":1,"3":1,"4":1,"5":1,"6":1,"7":1,"8":1,"9":1,"10":1,"11":1,"12":2,"13":6,"14":8,"15":2,"16":2,"17":2,"18":2,"19":2,"20":2,"21":0,"22":0,"23":0,"24":0,"25":0,"26":0,"27":0,"28":0,"29":0,"30":0,"31":2,"32":2,"33":2,"34":0,"35":0,"36":2,"37":2,"38":2,"39":2,"40":1,"41":2,"42":1,"43":1,"44":1,"45":1,"46":1,"47":2,"48":1,"49":1,"50":1,"51":1,"52":1,"53":0,"54":0,"55":0,"56":1,"57":1,"58":1,"59":1},"f":{"0":1,"1":2,"2":6,"3":2,"4":1,"5":1,"6":1,"7":0,"8":1},"b":{"0":[2,0,0,0,0,2,2,2,0,0,2],"1":[0,2],"2":[0,2],"3":[1,0,1,1]},"inputSourceMap":{"version":3,"names":["_mongoose","_interopRequireDefault","require","_dotenv","dotenv","config","console","log","process","env","DEV_MONGO_URI","NODE_ENV","connectDB","_ref","_asyncToGenerator2","_regenerator","mark","_callee","connect","options","wrap","_callee$","_context","prev","next","useNewUrlParser","useCreateIndex","useFindAndModify","useUnifiedTopology","t0","mongoose","sent","abrupt","TEST_MONGO_URI","concat","connection","host","t1","stop","apply","arguments","exports","dropDB","_ref2","_callee2","collection","_callee2$","_context2","collections","drop"],"sourceRoot":"/Users/user/NODE JS ADVENTURES/FIRST_CRUD_PROJECT/src/config/","sources":["db.js"],"sourcesContent":["\nimport mongoose from \"mongoose\";\nimport dotenv from \"dotenv\";\n// import path from \"path\";\n\n\ndotenv.config();\n\nconsole.log(process.env.DEV_MONGO_URI);\nconsole.log(process.env.NODE_ENV);\nconst connectDB = async () => {\n    try {\n        let connect;\n        const options = {\n            useNewUrlParser: true,\n            useCreateIndex: true,\n            useFindAndModify: false,\n            useUnifiedTopology: true,\n         };\n         console.log(\"calling here\");\n\n        switch(process.env.NODE_ENV) {\n            case`development`:\n                connect = await mongoose.connect(process.env.DEV_MONGO_URI);\n                console.log(\"dev\");\n                break;\n            case `test`:\n                connect = await mongoose.connect(process.env.TEST_MONGO_URI);\n                console.log(\"test\");\n                break;\n            default:\n               console.log(\"Connection did not succeed\");\n            }; \n            console.log(\"Got here\");\n        console.log(`connected to MongoDB in ${process.env.NODE_ENV} mode on ${connect.connection.host}`);\n    } catch (error) {\n      return error;\n    };\n};\n\nconst dropDB = async () => {\n    try {\n        for(let collection in mongoose.connection.collections) {\n            mongoose.connection.collections[collection].drop(() => {})\n        }\n    } catch (error) {\n        throw error\n    }\n}\n\nexport {connectDB, dropDB};\n\n\n\n\n\n\n// export const getEnvFile = (environment) => {\n//   switch (environment) {\n//     case \"prod\":\n//       return \"prod.env\"\n//     case \"beta\":\n//       return \"beta.env\"\n//     case \"dev\":\n//       return \".env\"\n//     default:\n//       return \"no env found\"\n//   }\n// }\n\n// dotenv.config({\n//   path: path.resolve(__dirname, \"..\", \"..\", getEnvFile(process.env.NODE_ENV)),\n// })\n\n// mongoose.set('strictQuery', false)\n// const connect = mongoose.connect\n\n// const connectDB = async () => {\n//   try {\n//     await connect(process.env.DEV_MONGO_URI)\n//     console.log(`MongoDB Connected in ${process.env.NODE_ENV} env...`)\n//   } catch (err) {\n//     console.error(err)\n//     // Exit process with failure\n//     process.exit(1)\n//   }\n// }\n\n\n\n\n\n\n// dotenv.config();\n\n// console.log(process.env.DEV_MONGO_URI);\n// console.log(process.env.NODE_ENV);\n// const connectDB = async () => {\n//     try {\n//         let connect;\n//         const options = {\n//             useNewUrlParser: true,\n//             useCreateIndex: true,\n//             useFindAndModify: false,\n//             useUnifiedTopology: true,\n//          };\n//          console.log(\"calling here\");\n\n//         switch(process.env.NODE_ENV) {\n//             case \"development\":\n//                 connect = await mongoose.connect(process.env.DEV_MONGO_URI, options);\n//                 break;\n//             case \"test\":\n//                 connect = await mongoose.connect(process.env.TEST_MONGO_URI, options);\n//                 break;\n//             default:\n//                console.log(\"Connection did not succeed\");\n//             }; \n//             console.log(\"Got here\");\n//         console.log(`connected to MongoDB in ${process.env.NODE_ENV} mode on ${connect.connection.host}`);\n//     } catch (error) {\n//       return error;\n//     };\n// };\n\n\n// const dropDB = async () => {\n//     try {\n//         for(let collection in mongoose.connection.collections) {\n//             mongoose.connection.collections[collection].drop(() => {})\n//         }\n//     } catch (error) {\n//         throw error\n//     }\n// }\n\n// export {connectDB, dropDB};\n\n\n\n\n"],"mappings":";;;;;;;;;AACA,IAAAA,SAAA,GAAAC,sBAAA,CAAAC,OAAA;AACA,IAAAC,OAAA,GAAAF,sBAAA,CAAAC,OAAA;AACA;;AAGAE,kBAAM,CAACC,MAAM,CAAC,CAAC;AAEfC,OAAO,CAACC,GAAG,CAACC,OAAO,CAACC,GAAG,CAACC,aAAa,CAAC;AACtCJ,OAAO,CAACC,GAAG,CAACC,OAAO,CAACC,GAAG,CAACE,QAAQ,CAAC;AACjC,IAAMC,SAAS;EAAA,IAAAC,IAAA,OAAAC,kBAAA,2BAAAC,YAAA,YAAAC,IAAA,CAAG,SAAAC,QAAA;IAAA,IAAAC,OAAA,EAAAC,OAAA;IAAA,OAAAJ,YAAA,YAAAK,IAAA,UAAAC,SAAAC,QAAA;MAAA,kBAAAA,QAAA,CAAAC,IAAA,GAAAD,QAAA,CAAAE,IAAA;QAAA;UAAAF,QAAA,CAAAC,IAAA;UAGJJ,OAAO,GAAG;YACZM,eAAe,EAAE,IAAI;YACrBC,cAAc,EAAE,IAAI;YACpBC,gBAAgB,EAAE,KAAK;YACvBC,kBAAkB,EAAE;UACvB,CAAC;UACDtB,OAAO,CAACC,GAAG,CAAC,cAAc,CAAC;UAACe,QAAA,CAAAO,EAAA,GAEtBrB,OAAO,CAACC,GAAG,CAACE,QAAQ;UAAAW,QAAA,CAAAE,IAAA,GAAAF,QAAA,CAAAO,EAAA,yBAAAP,QAAA,CAAAO,EAAA;UAAA;QAAA;UAAAP,QAAA,CAAAE,IAAA;UAAA,OAEHM,oBAAQ,CAACZ,OAAO,CAACV,OAAO,CAACC,GAAG,CAACC,aAAa,CAAC;QAAA;UAA3DQ,OAAO,GAAAI,QAAA,CAAAS,IAAA;UACPzB,OAAO,CAACC,GAAG,CAAC,KAAK,CAAC;UAAC,OAAAe,QAAA,CAAAU,MAAA;QAAA;UAAAV,QAAA,CAAAE,IAAA;UAAA,OAGHM,oBAAQ,CAACZ,OAAO,CAACV,OAAO,CAACC,GAAG,CAACwB,cAAc,CAAC;QAAA;UAA5Df,OAAO,GAAAI,QAAA,CAAAS,IAAA;UACPzB,OAAO,CAACC,GAAG,CAAC,MAAM,CAAC;UAAC,OAAAe,QAAA,CAAAU,MAAA;QAAA;UAGrB1B,OAAO,CAACC,GAAG,CAAC,4BAA4B,CAAC;QAAC;UAC5C;UACDD,OAAO,CAACC,GAAG,CAAC,UAAU,CAAC;UAC3BD,OAAO,CAACC,GAAG,4BAAA2B,MAAA,CAA4B1B,OAAO,CAACC,GAAG,CAACE,QAAQ,eAAAuB,MAAA,CAAYhB,OAAO,CAACiB,UAAU,CAACC,IAAI,CAAE,CAAC;UAACd,QAAA,CAAAE,IAAA;UAAA;QAAA;UAAAF,QAAA,CAAAC,IAAA;UAAAD,QAAA,CAAAe,EAAA,GAAAf,QAAA;UAAA,OAAAA,QAAA,CAAAU,MAAA,WAAAV,QAAA,CAAAe,EAAA;QAAA;UAGrG;QAAC;QAAA;UAAA,OAAAf,QAAA,CAAAgB,IAAA;MAAA;IAAA,GAAArB,OAAA;EAAA,CACL;EAAA,gBA5BKL,SAASA,CAAA;IAAA,OAAAC,IAAA,CAAA0B,KAAA,OAAAC,SAAA;EAAA;AAAA,GA4Bd;AAACC,OAAA,CAAA7B,SAAA,GAAAA,SAAA;AAEF,IAAM8B,MAAM;EAAA,IAAAC,KAAA,OAAA7B,kBAAA,2BAAAC,YAAA,YAAAC,IAAA,CAAG,SAAA4B,SAAA;IAAA,IAAAC,UAAA;IAAA,OAAA9B,YAAA,YAAAK,IAAA,UAAA0B,UAAAC,SAAA;MAAA,kBAAAA,SAAA,CAAAxB,IAAA,GAAAwB,SAAA,CAAAvB,IAAA;QAAA;UAAAuB,SAAA,CAAAxB,IAAA;UAEP,KAAQsB,UAAU,IAAIf,oBAAQ,CAACK,UAAU,CAACa,WAAW,EAAE;YACnDlB,oBAAQ,CAACK,UAAU,CAACa,WAAW,CAACH,UAAU,CAAC,CAACI,IAAI,CAAC,YAAM,CAAC,CAAC,CAAC;UAC9D;UAACF,SAAA,CAAAvB,IAAA;UAAA;QAAA;UAAAuB,SAAA,CAAAxB,IAAA;UAAAwB,SAAA,CAAAlB,EAAA,GAAAkB,SAAA;UAAA,MAAAA,SAAA,CAAAlB,EAAA;QAAA;QAAA;UAAA,OAAAkB,SAAA,CAAAT,IAAA;MAAA;IAAA,GAAAM,QAAA;EAAA,CAIR;EAAA,gBARKF,MAAMA,CAAA;IAAA,OAAAC,KAAA,CAAAJ,KAAA,OAAAC,SAAA;EAAA;AAAA,GAQX;;AASD;AACA;AACA;AACA;AACA;AACA;AACA;AACA;AACA;AACA;AACA;AACA;;AAEA;AACA;AACA;;AAEA;AACA;;AAEA;AACA;AACA;AACA;AACA;AACA;AACA;AACA;AACA;AACA;;AAOA;;AAEA;AACA;AACA;AACA;AACA;AACA;AACA;AACA;AACA;AACA;AACA;AACA;;AAEA;AACA;AACA;AACA;AACA;AACA;AACA;AACA;AACA;AACA;AACA;AACA;AACA;AACA;AACA;AACA;;AAGA;AACA;AACA;AACA;AACA;AACA;AACA;AACA;AACA;;AAEA;AAAAC,OAAA,CAAAC,MAAA,GAAAA,MAAA"},"_coverageSchema":"1a1c01bbd47fc00a2c39e90264f33305004495a9","hash":"43bc1be13230fec5ad6a2fc9635c3ed9fe254b92","contentHash":"5cfb5a7b58f30d6e91e659bb705cfb165ddad6081c2cfeea382e76c1057515a3"},"/Users/user/NODE JS ADVENTURES/FIRST_CRUD_PROJECT/src/routes/index.js":{"path":"/Users/user/NODE JS ADVENTURES/FIRST_CRUD_PROJECT/src/routes/index.js","statementMap":{"0":{"start":{"line":3,"column":29},"end":{"line":3,"column":84}},"1":{"start":{"line":4,"column":0},"end":{"line":6,"column":3}},"2":{"start":{"line":7,"column":0},"end":{"line":7,"column":28}},"3":{"start":{"line":8,"column":15},"end":{"line":8,"column":33}},"4":{"start":{"line":9,"column":12},"end":{"line":9,"column":65}},"5":{"start":{"line":12,"column":13},"end":{"line":12,"column":35}},"6":{"start":{"line":13,"column":20},"end":{"line":13,"column":50}},"7":{"start":{"line":14,"column":19},"end":{"line":14,"column":50}},"8":{"start":{"line":15,"column":15},"end":{"line":15,"column":42}},"9":{"start":{"line":16,"column":16},"end":{"line":16,"column":44}},"10":{"start":{"line":17,"column":15},"end":{"line":17,"column":42}},"11":{"start":{"line":18,"column":0},"end":{"line":18,"column":41}},"12":{"start":{"line":19,"column":0},"end":{"line":19,"column":34}},"13":{"start":{"line":20,"column":0},"end":{"line":20,"column":43}},"14":{"start":{"line":21,"column":0},"end":{"line":21,"column":47}},"15":{"start":{"line":22,"column":0},"end":{"line":22,"column":50}},"16":{"start":{"line":23,"column":15},"end":{"line":23,"column":21}},"17":{"start":{"line":24,"column":0},"end":{"line":24,"column":30}}},"fnMap":{},"branchMap":{},"s":{"0":1,"1":1,"2":1,"3":1,"4":1,"5":1,"6":1,"7":1,"8":1,"9":1,"10":1,"11":1,"12":1,"13":1,"14":1,"15":1,"16":1,"17":1},"f":{},"b":{},"inputSourceMap":{"version":3,"names":["_express","require","_user","_interopRequireDefault","router","Router","createNewUser","UserController","getOneUserById","updateUser","getAllUsers","deleteUser","get","post","patch","_default","exports"],"sourceRoot":"/Users/user/NODE JS ADVENTURES/FIRST_CRUD_PROJECT/src/routes/","sources":["index.js"],"sourcesContent":["import { Router } from \"express\";\n// import UserController from \"../../../controller/User/user\";\nimport UserController from \"../controller/user\";\n\nconst router = Router();\n\nconst { createNewUser, getOneUserById, updateUser, getAllUsers, deleteUser } = UserController;\n\nrouter.get(\"/user/:_id\", getOneUserById);\nrouter.get(\"/users\", getAllUsers);\nrouter.post(\"/user/signup\", createNewUser);\nrouter.patch(\"/user/profile/:_id\", updateUser);\nrouter.delete(\"/user/delete/:_id\", deleteUser);\n\nexport default router;\n"],"mappings":";;;;;;;AAAA,IAAAA,QAAA,GAAAC,OAAA;AAEA,IAAAC,KAAA,GAAAC,sBAAA,CAAAF,OAAA;AADA;;AAGA,IAAMG,MAAM,GAAG,IAAAC,eAAM,EAAC,CAAC;AAEvB,IAAQC,aAAa,GAA0DC,gBAAc,CAArFD,aAAa;EAAEE,cAAc,GAA0CD,gBAAc,CAAtEC,cAAc;EAAEC,UAAU,GAA8BF,gBAAc,CAAtDE,UAAU;EAAEC,WAAW,GAAiBH,gBAAc,CAA1CG,WAAW;EAAEC,UAAU,GAAKJ,gBAAc,CAA7BI,UAAU;AAE1EP,MAAM,CAACQ,GAAG,CAAC,YAAY,EAAEJ,cAAc,CAAC;AACxCJ,MAAM,CAACQ,GAAG,CAAC,QAAQ,EAAEF,WAAW,CAAC;AACjCN,MAAM,CAACS,IAAI,CAAC,cAAc,EAAEP,aAAa,CAAC;AAC1CF,MAAM,CAACU,KAAK,CAAC,oBAAoB,EAAEL,UAAU,CAAC;AAC9CL,MAAM,UAAO,CAAC,mBAAmB,EAAEO,UAAU,CAAC;AAAC,IAAAI,QAAA,GAEhCX,MAAM;AAAAY,OAAA,cAAAD,QAAA"},"_coverageSchema":"1a1c01bbd47fc00a2c39e90264f33305004495a9","hash":"624b9f53f726446802c9d15e3fdb6fbffcf44ec1","contentHash":"2434b313612a4030c9c6a2a9f14567fec744ab658ee97a6dcf44486825a729dd"},"/Users/user/NODE JS ADVENTURES/FIRST_CRUD_PROJECT/src/controller/user.js":{"path":"/Users/user/NODE JS ADVENTURES/FIRST_CRUD_PROJECT/src/controller/user.js","statementMap":{"0":{"start":{"line":3,"column":29},"end":{"line":3,"column":84}},"1":{"start":{"line":4,"column":0},"end":{"line":6,"column":3}},"2":{"start":{"line":7,"column":0},"end":{"line":7,"column":28}},"3":{"start":{"line":8,"column":19},"end":{"line":8,"column":80}},"4":{"start":{"line":9,"column":25},"end":{"line":9,"column":99}},"5":{"start":{"line":10,"column":23},"end":{"line":10,"column":95}},"6":{"start":{"line":11,"column":20},"end":{"line":11,"column":89}},"7":{"start":{"line":12,"column":14},"end":{"line":12,"column":55}},"8":{"start":{"line":13,"column":12},"end":{"line":13,"column":63}},"9":{"start":{"line":16,"column":18},"end":{"line":16,"column":45}},"10":{"start":{"line":17,"column":13},"end":{"line":17,"column":38}},"11":{"start":{"line":18,"column":18},"end":{"line":18,"column":48}},"12":{"start":{"line":19,"column":13},"end":{"line":19,"column":38}},"13":{"start":{"line":20,"column":13},"end":{"line":20,"column":38}},"14":{"start":{"line":21,"column":16},"end":{"line":21,"column":43}},"15":{"start":{"line":22,"column":15},"end":{"line":22,"column":42}},"16":{"start":{"line":23,"column":34},"end":{"line":311,"column":3}},"17":{"start":{"line":25,"column":4},"end":{"line":25,"column":59}},"18":{"start":{"line":27,"column":2},"end":{"line":309,"column":6}},"19":{"start":{"line":30,"column":27},"end":{"line":103,"column":9}},"20":{"start":{"line":32,"column":8},"end":{"line":102,"column":37}},"21":{"start":{"line":33,"column":10},"end":{"line":101,"column":11}},"22":{"start":{"line":33,"column":20},"end":{"line":101,"column":11}},"23":{"start":{"line":35,"column":14},"end":{"line":35,"column":32}},"24":{"start":{"line":36,"column":14},"end":{"line":36,"column":122}},"25":{"start":{"line":37,"column":14},"end":{"line":40,"column":15}},"26":{"start":{"line":38,"column":16},"end":{"line":38,"column":34}},"27":{"start":{"line":39,"column":16},"end":{"line":39,"column":22}},"28":{"start":{"line":41,"column":14},"end":{"line":44,"column":18}},"29":{"start":{"line":47,"column":14},"end":{"line":47,"column":32}},"30":{"start":{"line":48,"column":14},"end":{"line":48,"column":37}},"31":{"start":{"line":50,"column":14},"end":{"line":50,"column":41}},"32":{"start":{"line":51,"column":14},"end":{"line":51,"column":33}},"33":{"start":{"line":52,"column":14},"end":{"line":52,"column":45}},"34":{"start":{"line":54,"column":14},"end":{"line":54,"column":44}},"35":{"start":{"line":55,"column":14},"end":{"line":58,"column":15}},"36":{"start":{"line":56,"column":16},"end":{"line":56,"column":35}},"37":{"start":{"line":57,"column":16},"end":{"line":57,"column":22}},"38":{"start":{"line":59,"column":14},"end":{"line":62,"column":18}},"39":{"start":{"line":65,"column":14},"end":{"line":65,"column":33}},"40":{"start":{"line":66,"column":14},"end":{"line":66,"column":59}},"41":{"start":{"line":68,"column":14},"end":{"line":68,"column":35}},"42":{"start":{"line":69,"column":14},"end":{"line":73,"column":16}},"43":{"start":{"line":74,"column":14},"end":{"line":74,"column":33}},"44":{"start":{"line":75,"column":14},"end":{"line":75,"column":45}},"45":{"start":{"line":77,"column":14},"end":{"line":77,"column":38}},"46":{"start":{"line":78,"column":14},"end":{"line":81,"column":15}},"47":{"start":{"line":79,"column":16},"end":{"line":79,"column":35}},"48":{"start":{"line":80,"column":16},"end":{"line":80,"column":22}},"49":{"start":{"line":82,"column":14},"end":{"line":86,"column":18}},"50":{"start":{"line":89,"column":14},"end":{"line":89,"column":33}},"51":{"start":{"line":90,"column":14},"end":{"line":90,"column":20}},"52":{"start":{"line":92,"column":14},"end":{"line":92,"column":33}},"53":{"start":{"line":93,"column":14},"end":{"line":93,"column":49}},"54":{"start":{"line":94,"column":14},"end":{"line":97,"column":18}},"55":{"start":{"line":100,"column":14},"end":{"line":100,"column":37}},"56":{"start":{"line":105,"column":8},"end":{"line":105,"column":53}},"57":{"start":{"line":107,"column":6},"end":{"line":107,"column":27}},"58":{"start":{"line":113,"column":28},"end":{"line":150,"column":9}},"59":{"start":{"line":115,"column":8},"end":{"line":149,"column":38}},"60":{"start":{"line":116,"column":10},"end":{"line":148,"column":11}},"61":{"start":{"line":116,"column":20},"end":{"line":148,"column":11}},"62":{"start":{"line":118,"column":14},"end":{"line":118,"column":33}},"63":{"start":{"line":119,"column":14},"end":{"line":119,"column":35}},"64":{"start":{"line":120,"column":14},"end":{"line":120,"column":33}},"65":{"start":{"line":121,"column":14},"end":{"line":121,"column":35}},"66":{"start":{"line":123,"column":14},"end":{"line":123,"column":39}},"67":{"start":{"line":124,"column":14},"end":{"line":127,"column":15}},"68":{"start":{"line":125,"column":16},"end":{"line":125,"column":35}},"69":{"start":{"line":126,"column":16},"end":{"line":126,"column":22}},"70":{"start":{"line":128,"column":14},"end":{"line":132,"column":18}},"71":{"start":{"line":134,"column":14},"end":{"line":137,"column":18}},"72":{"start":{"line":139,"column":14},"end":{"line":139,"column":34}},"73":{"start":{"line":140,"column":14},"end":{"line":140,"column":51}},"74":{"start":{"line":141,"column":14},"end":{"line":144,"column":18}},"75":{"start":{"line":147,"column":14},"end":{"line":147,"column":38}},"76":{"start":{"line":152,"column":8},"end":{"line":152,"column":54}},"77":{"start":{"line":154,"column":6},"end":{"line":154,"column":28}},"78":{"start":{"line":160,"column":25},"end":{"line":198,"column":9}},"79":{"start":{"line":162,"column":8},"end":{"line":197,"column":37}},"80":{"start":{"line":163,"column":10},"end":{"line":196,"column":11}},"81":{"start":{"line":163,"column":20},"end":{"line":196,"column":11}},"82":{"start":{"line":165,"column":14},"end":{"line":165,"column":33}},"83":{"start":{"line":166,"column":14},"end":{"line":166,"column":33}},"84":{"start":{"line":167,"column":14},"end":{"line":167,"column":32}},"85":{"start":{"line":169,"column":14},"end":{"line":169,"column":37}},"86":{"start":{"line":170,"column":14},"end":{"line":173,"column":15}},"87":{"start":{"line":171,"column":16},"end":{"line":171,"column":35}},"88":{"start":{"line":172,"column":16},"end":{"line":172,"column":22}},"89":{"start":{"line":174,"column":14},"end":{"line":179,"column":18}},"90":{"start":{"line":182,"column":14},"end":{"line":182,"column":34}},"91":{"start":{"line":183,"column":14},"end":{"line":183,"column":20}},"92":{"start":{"line":185,"column":14},"end":{"line":185,"column":33}},"93":{"start":{"line":186,"column":14},"end":{"line":186,"column":51}},"94":{"start":{"line":187,"column":14},"end":{"line":190,"column":18}},"95":{"start":{"line":195,"column":14},"end":{"line":195,"column":38}},"96":{"start":{"line":200,"column":8},"end":{"line":200,"column":51}},"97":{"start":{"line":202,"column":6},"end":{"line":202,"column":25}},"98":{"start":{"line":208,"column":25},"end":{"line":254,"column":9}},"99":{"start":{"line":210,"column":8},"end":{"line":253,"column":38}},"100":{"start":{"line":211,"column":10},"end":{"line":252,"column":11}},"101":{"start":{"line":211,"column":20},"end":{"line":252,"column":11}},"102":{"start":{"line":213,"column":14},"end":{"line":213,"column":33}},"103":{"start":{"line":214,"column":14},"end":{"line":214,"column":35}},"104":{"start":{"line":215,"column":14},"end":{"line":215,"column":170}},"105":{"start":{"line":216,"column":14},"end":{"line":221,"column":16}},"106":{"start":{"line":222,"column":14},"end":{"line":222,"column":33}},"107":{"start":{"line":223,"column":14},"end":{"line":223,"column":53}},"108":{"start":{"line":225,"column":14},"end":{"line":225,"column":49}},"109":{"start":{"line":226,"column":14},"end":{"line":229,"column":15}},"110":{"start":{"line":227,"column":16},"end":{"line":227,"column":35}},"111":{"start":{"line":228,"column":16},"end":{"line":228,"column":22}},"112":{"start":{"line":230,"column":14},"end":{"line":234,"column":18}},"113":{"start":{"line":236,"column":14},"end":{"line":239,"column":18}},"114":{"start":{"line":241,"column":14},"end":{"line":241,"column":34}},"115":{"start":{"line":242,"column":14},"end":{"line":242,"column":51}},"116":{"start":{"line":243,"column":14},"end":{"line":246,"column":18}},"117":{"start":{"line":251,"column":14},"end":{"line":251,"column":38}},"118":{"start":{"line":256,"column":8},"end":{"line":256,"column":51}},"119":{"start":{"line":258,"column":6},"end":{"line":258,"column":24}},"120":{"start":{"line":264,"column":25},"end":{"line":303,"column":9}},"121":{"start":{"line":266,"column":8},"end":{"line":302,"column":38}},"122":{"start":{"line":267,"column":10},"end":{"line":301,"column":11}},"123":{"start":{"line":267,"column":20},"end":{"line":301,"column":11}},"124":{"start":{"line":269,"column":14},"end":{"line":269,"column":33}},"125":{"start":{"line":270,"column":14},"end":{"line":270,"column":35}},"126":{"start":{"line":271,"column":14},"end":{"line":271,"column":33}},"127":{"start":{"line":272,"column":14},"end":{"line":272,"column":38}},"128":{"start":{"line":274,"column":14},"end":{"line":274,"column":42}},"129":{"start":{"line":275,"column":14},"end":{"line":278,"column":15}},"130":{"start":{"line":276,"column":16},"end":{"line":276,"column":35}},"131":{"start":{"line":277,"column":16},"end":{"line":277,"column":22}},"132":{"start":{"line":279,"column":14},"end":{"line":282,"column":18}},"133":{"start":{"line":285,"column":14},"end":{"line":288,"column":18}},"134":{"start":{"line":290,"column":14},"end":{"line":290,"column":34}},"135":{"start":{"line":291,"column":14},"end":{"line":291,"column":51}},"136":{"start":{"line":292,"column":14},"end":{"line":295,"column":18}},"137":{"start":{"line":300,"column":14},"end":{"line":300,"column":38}},"138":{"start":{"line":305,"column":8},"end":{"line":305,"column":51}},"139":{"start":{"line":307,"column":6},"end":{"line":307,"column":24}},"140":{"start":{"line":310,"column":2},"end":{"line":310,"column":24}},"141":{"start":{"line":312,"column":0},"end":{"line":312,"column":36}}},"fnMap":{"0":{"name":"(anonymous_0)","decl":{"start":{"line":23,"column":34},"end":{"line":23,"column":35}},"loc":{"start":{"line":23,"column":46},"end":{"line":311,"column":1}},"line":23},"1":{"name":"UserController","decl":{"start":{"line":24,"column":11},"end":{"line":24,"column":25}},"loc":{"start":{"line":24,"column":28},"end":{"line":26,"column":3}},"line":24},"2":{"name":"(anonymous_2)","decl":{"start":{"line":29,"column":11},"end":{"line":29,"column":12}},"loc":{"start":{"line":29,"column":23},"end":{"line":108,"column":5}},"line":29},"3":{"name":"_callee","decl":{"start":{"line":30,"column":114},"end":{"line":30,"column":121}},"loc":{"start":{"line":30,"column":132},"end":{"line":103,"column":7}},"line":30},"4":{"name":"_callee$","decl":{"start":{"line":32,"column":53},"end":{"line":32,"column":61}},"loc":{"start":{"line":32,"column":72},"end":{"line":102,"column":9}},"line":32},"5":{"name":"createNewUser","decl":{"start":{"line":104,"column":15},"end":{"line":104,"column":28}},"loc":{"start":{"line":104,"column":38},"end":{"line":106,"column":7}},"line":104},"6":{"name":"(anonymous_6)","decl":{"start":{"line":112,"column":4},"end":{"line":112,"column":5}},"loc":{"start":{"line":112,"column":16},"end":{"line":155,"column":5}},"line":112},"7":{"name":"_callee2","decl":{"start":{"line":113,"column":115},"end":{"line":113,"column":123}},"loc":{"start":{"line":113,"column":134},"end":{"line":150,"column":7}},"line":113},"8":{"name":"_callee2$","decl":{"start":{"line":115,"column":53},"end":{"line":115,"column":62}},"loc":{"start":{"line":115,"column":74},"end":{"line":149,"column":9}},"line":115},"9":{"name":"getOneUserById","decl":{"start":{"line":151,"column":15},"end":{"line":151,"column":29}},"loc":{"start":{"line":151,"column":40},"end":{"line":153,"column":7}},"line":151},"10":{"name":"(anonymous_10)","decl":{"start":{"line":159,"column":4},"end":{"line":159,"column":5}},"loc":{"start":{"line":159,"column":16},"end":{"line":203,"column":5}},"line":159},"11":{"name":"_callee3","decl":{"start":{"line":160,"column":112},"end":{"line":160,"column":120}},"loc":{"start":{"line":160,"column":131},"end":{"line":198,"column":7}},"line":160},"12":{"name":"_callee3$","decl":{"start":{"line":162,"column":53},"end":{"line":162,"column":62}},"loc":{"start":{"line":162,"column":74},"end":{"line":197,"column":9}},"line":162},"13":{"name":"getAllUsers","decl":{"start":{"line":199,"column":15},"end":{"line":199,"column":26}},"loc":{"start":{"line":199,"column":37},"end":{"line":201,"column":7}},"line":199},"14":{"name":"(anonymous_14)","decl":{"start":{"line":207,"column":4},"end":{"line":207,"column":5}},"loc":{"start":{"line":207,"column":16},"end":{"line":259,"column":5}},"line":207},"15":{"name":"_callee4","decl":{"start":{"line":208,"column":112},"end":{"line":208,"column":120}},"loc":{"start":{"line":208,"column":131},"end":{"line":254,"column":7}},"line":208},"16":{"name":"_callee4$","decl":{"start":{"line":210,"column":53},"end":{"line":210,"column":62}},"loc":{"start":{"line":210,"column":74},"end":{"line":253,"column":9}},"line":210},"17":{"name":"updateUser","decl":{"start":{"line":255,"column":15},"end":{"line":255,"column":25}},"loc":{"start":{"line":255,"column":36},"end":{"line":257,"column":7}},"line":255},"18":{"name":"(anonymous_18)","decl":{"start":{"line":263,"column":4},"end":{"line":263,"column":5}},"loc":{"start":{"line":263,"column":16},"end":{"line":308,"column":5}},"line":263},"19":{"name":"_callee5","decl":{"start":{"line":264,"column":112},"end":{"line":264,"column":120}},"loc":{"start":{"line":264,"column":131},"end":{"line":303,"column":7}},"line":264},"20":{"name":"_callee5$","decl":{"start":{"line":266,"column":53},"end":{"line":266,"column":62}},"loc":{"start":{"line":266,"column":74},"end":{"line":302,"column":9}},"line":266},"21":{"name":"deleteUser","decl":{"start":{"line":304,"column":15},"end":{"line":304,"column":25}},"loc":{"start":{"line":304,"column":37},"end":{"line":306,"column":7}},"line":304}},"branchMap":{"0":{"loc":{"start":{"line":33,"column":20},"end":{"line":101,"column":11}},"type":"switch","locations":[{"start":{"line":34,"column":12},"end":{"line":44,"column":18}},{"start":{"line":45,"column":12},"end":{"line":48,"column":37}},{"start":{"line":49,"column":12},"end":{"line":52,"column":45}},{"start":{"line":53,"column":12},"end":{"line":62,"column":18}},{"start":{"line":63,"column":12},"end":{"line":66,"column":59}},{"start":{"line":67,"column":12},"end":{"line":75,"column":45}},{"start":{"line":76,"column":12},"end":{"line":86,"column":18}},{"start":{"line":87,"column":12},"end":{"line":90,"column":20}},{"start":{"line":91,"column":12},"end":{"line":97,"column":18}},{"start":{"line":98,"column":12},"end":{"line":98,"column":20}},{"start":{"line":99,"column":12},"end":{"line":100,"column":37}}],"line":33},"1":{"loc":{"start":{"line":37,"column":14},"end":{"line":40,"column":15}},"type":"if","locations":[{"start":{"line":37,"column":14},"end":{"line":40,"column":15}},{"start":{"line":37,"column":14},"end":{"line":40,"column":15}}],"line":37},"2":{"loc":{"start":{"line":37,"column":20},"end":{"line":37,"column":52}},"type":"binary-expr","locations":[{"start":{"line":37,"column":20},"end":{"line":37,"column":29}},{"start":{"line":37,"column":33},"end":{"line":37,"column":39}},{"start":{"line":37,"column":43},"end":{"line":37,"column":52}}],"line":37},"3":{"loc":{"start":{"line":55,"column":14},"end":{"line":58,"column":15}},"type":"if","locations":[{"start":{"line":55,"column":14},"end":{"line":58,"column":15}},{"start":{"line":55,"column":14},"end":{"line":58,"column":15}}],"line":55},"4":{"loc":{"start":{"line":55,"column":20},"end":{"line":55,"column":47}},"type":"binary-expr","locations":[{"start":{"line":55,"column":20},"end":{"line":55,"column":33}},{"start":{"line":55,"column":37},"end":{"line":55,"column":47}}],"line":55},"5":{"loc":{"start":{"line":78,"column":14},"end":{"line":81,"column":15}},"type":"if","locations":[{"start":{"line":78,"column":14},"end":{"line":81,"column":15}},{"start":{"line":78,"column":14},"end":{"line":81,"column":15}}],"line":78},"6":{"loc":{"start":{"line":116,"column":20},"end":{"line":148,"column":11}},"type":"switch","locations":[{"start":{"line":117,"column":12},"end":{"line":121,"column":35}},{"start":{"line":122,"column":12},"end":{"line":132,"column":18}},{"start":{"line":133,"column":12},"end":{"line":137,"column":18}},{"start":{"line":138,"column":12},"end":{"line":144,"column":18}},{"start":{"line":145,"column":12},"end":{"line":145,"column":20}},{"start":{"line":146,"column":12},"end":{"line":147,"column":38}}],"line":116},"7":{"loc":{"start":{"line":124,"column":14},"end":{"line":127,"column":15}},"type":"if","locations":[{"start":{"line":124,"column":14},"end":{"line":127,"column":15}},{"start":{"line":124,"column":14},"end":{"line":127,"column":15}}],"line":124},"8":{"loc":{"start":{"line":163,"column":20},"end":{"line":196,"column":11}},"type":"switch","locations":[{"start":{"line":164,"column":12},"end":{"line":167,"column":32}},{"start":{"line":168,"column":12},"end":{"line":179,"column":18}},{"start":{"line":180,"column":12},"end":{"line":183,"column":20}},{"start":{"line":184,"column":12},"end":{"line":190,"column":18}},{"start":{"line":191,"column":12},"end":{"line":192,"column":15}},{"start":{"line":193,"column":12},"end":{"line":193,"column":20}},{"start":{"line":194,"column":12},"end":{"line":195,"column":38}}],"line":163},"9":{"loc":{"start":{"line":170,"column":14},"end":{"line":173,"column":15}},"type":"if","locations":[{"start":{"line":170,"column":14},"end":{"line":173,"column":15}},{"start":{"line":170,"column":14},"end":{"line":173,"column":15}}],"line":170},"10":{"loc":{"start":{"line":211,"column":20},"end":{"line":252,"column":11}},"type":"switch","locations":[{"start":{"line":212,"column":12},"end":{"line":223,"column":53}},{"start":{"line":224,"column":12},"end":{"line":234,"column":18}},{"start":{"line":235,"column":12},"end":{"line":239,"column":18}},{"start":{"line":240,"column":12},"end":{"line":246,"column":18}},{"start":{"line":247,"column":12},"end":{"line":248,"column":15}},{"start":{"line":249,"column":12},"end":{"line":249,"column":20}},{"start":{"line":250,"column":12},"end":{"line":251,"column":38}}],"line":211},"11":{"loc":{"start":{"line":226,"column":14},"end":{"line":229,"column":15}},"type":"if","locations":[{"start":{"line":226,"column":14},"end":{"line":229,"column":15}},{"start":{"line":226,"column":14},"end":{"line":229,"column":15}}],"line":226},"12":{"loc":{"start":{"line":267,"column":20},"end":{"line":301,"column":11}},"type":"switch","locations":[{"start":{"line":268,"column":12},"end":{"line":272,"column":38}},{"start":{"line":273,"column":12},"end":{"line":282,"column":18}},{"start":{"line":283,"column":12},"end":{"line":288,"column":18}},{"start":{"line":289,"column":12},"end":{"line":295,"column":18}},{"start":{"line":296,"column":12},"end":{"line":297,"column":15}},{"start":{"line":298,"column":12},"end":{"line":298,"column":20}},{"start":{"line":299,"column":12},"end":{"line":300,"column":38}}],"line":267},"13":{"loc":{"start":{"line":275,"column":14},"end":{"line":278,"column":15}},"type":"if","locations":[{"start":{"line":275,"column":14},"end":{"line":278,"column":15}},{"start":{"line":275,"column":14},"end":{"line":278,"column":15}}],"line":275}},"s":{"0":1,"1":1,"2":1,"3":1,"4":1,"5":1,"6":1,"7":1,"8":1,"9":1,"10":1,"11":1,"12":1,"13":1,"14":1,"15":1,"16":1,"17":0,"18":1,"19":1,"20":4,"21":4,"22":8,"23":4,"24":4,"25":4,"26":4,"27":4,"28":0,"29":4,"30":4,"31":0,"32":0,"33":0,"34":0,"35":0,"36":0,"37":0,"38":0,"39":0,"40":0,"41":0,"42":0,"43":0,"44":0,"45":0,"46":0,"47":0,"48":0,"49":0,"50":0,"51":0,"52":0,"53":0,"54":0,"55":0,"56":4,"57":1,"58":1,"59":1,"60":3,"61":3,"62":1,"63":1,"64":1,"65":1,"66":1,"67":1,"68":0,"69":0,"70":1,"71":0,"72":0,"73":0,"74":0,"75":1,"76":1,"77":1,"78":1,"79":1,"80":1,"81":1,"82":1,"83":1,"84":1,"85":0,"86":0,"87":0,"88":0,"89":0,"90":0,"91":0,"92":0,"93":0,"94":0,"95":0,"96":1,"97":1,"98":1,"99":1,"100":3,"101":3,"102":1,"103":1,"104":1,"105":1,"106":1,"107":1,"108":1,"109":1,"110":0,"111":0,"112":1,"113":0,"114":0,"115":0,"116":0,"117":1,"118":1,"119":1,"120":1,"121":1,"122":3,"123":3,"124":1,"125":1,"126":1,"127":1,"128":1,"129":1,"130":0,"131":0,"132":1,"133":0,"134":0,"135":0,"136":0,"137":1,"138":1,"139":1,"140":1,"141":1},"f":{"0":1,"1":0,"2":1,"3":4,"4":4,"5":4,"6":1,"7":1,"8":3,"9":1,"10":1,"11":1,"12":1,"13":1,"14":1,"15":1,"16":3,"17":1,"18":1,"19":1,"20":3,"21":1},"b":{"0":[4,4,0,0,0,0,0,0,0,0,0],"1":[4,0],"2":[4,4,4],"3":[0,0],"4":[0,0],"5":[0,0],"6":[1,1,0,0,0,1],"7":[0,1],"8":[1,0,0,0,0,0,0],"9":[0,0],"10":[1,1,0,0,0,0,1],"11":[0,1],"12":[1,1,0,0,0,0,1],"13":[0,1]},"inputSourceMap":{"version":3,"names":["_bcrypt","_interopRequireDefault","require","_user","updateUser","UserServices","findById","checkUsername","getUsers","findUser","deleteUser","createUser","UserController","_classCallCheck2","_createClass2","key","value","_createNewUser","_asyncToGenerator2","_regenerator","mark","_callee","req","res","_req$body","username","email","password","checkEmail","usernameExist","hash","userDetails","newUser","wrap","_callee$","_context","prev","next","body","abrupt","status","json","success","error","sent","bcrypt","message","data","t0","stop","createNewUser","_x","_x2","apply","arguments","_getOneUserById","_callee2","_id","getUser","_callee2$","_context2","params","getOneUserById","_x3","_x4","_getAllUsers","_callee3","users","_callee3$","_context3","count","length","getAllUsers","_x5","_x6","_updateUser2","_callee4","_req$body2","address","phoneNumber","lastName","firstName","updateDetails","updateUserDetails","_callee4$","_context4","_x7","_x8","_deleteUser2","_callee5","removeUser","_callee5$","_context5","_x9","_x10","exports"],"sourceRoot":"/Users/user/NODE JS ADVENTURES/FIRST_CRUD_PROJECT/src/controller/","sources":["user.js"],"sourcesContent":["import bcrypt from \"bcrypt\";\n// import User from \"../../services/User.js\";\nimport UserServices from \"../services/user\";\n\n\nconst { \n    updateUser, \n    findById, \n    checkUsername, \n    getUsers, \n    findUser, \n    deleteUser, \n    createUser \n} = UserServices;\n\nexport default class UserController {\n    static async createNewUser (req, res) {\n        try {\n            const { username, email, password } =req.body;\n            if(!username || !email || !password) {\n                return res.status(400).json({success: false, error: \"One or more parameters are missing\"})\n            };\n            const checkEmail = await findUser(email);\n            const usernameExist = await checkUsername(username);\n            if(usernameExist || checkEmail) {\n                return res.status(409).json({ status: 409, \n                error: \"Sorry, email or username already taken by another user.\"\n                });\n            };\n            const hash = await bcrypt.hash(password, 10);\n            const userDetails = { username, email, password: hash };\n            const newUser = await createUser(userDetails);\n            if(newUser) {\n                return res.status(201).json({\n                    success: true,\n                    message: \"New User Created Successfully\",\n                    data: newUser\n                });\n            };\n        } catch (error) {\n            return res.status(500).json({\n                success: false,\n                error: \"Server Error\"\n            });\n        }\n    };\n\n//...\n\nstatic async getOneUserById (req, res) {\n    try {\n        const { _id } = req.params;\n        const getUser = await findById(_id);\n    if(getUser) {\n        return res.status(200).json({\n            success: true,\n            message: \"User retrieved!\",\n            data: getUser\n        })\n    }\n    return res.status(404).json({\n        success: false,\n        error: \"User not found!\"\n    });\n    } catch (error) {\n        return res.status(500).json({\n            success: false,\n            error: \"Server Error\"\n        })\n    }\n};\n//...\n\nstatic async getAllUsers (req, res) {\n    try {\n        const users = await getUsers();\n        if(users) {\n            return res.status(200).json({ \n                success: true, \n                message: \"All Users Retrieved Successfully\", \n                count: users.length,\n                data: users \n            });\n        };\n    } catch (error) {\n        return res.status(500).json({\n            success: false,\n            error: \"Server Error\"\n        });\n    };\n};\n//...\n\nstatic async updateUser (req, res) {\n    try {\n        const { _id } = req.params;\n        const { address, phoneNumber, lastName, firstName } = req.body;\n        const updateDetails = { address, phoneNumber, lastName, firstName }\n        const updateUserDetails = await updateUser(_id, updateDetails);\n        if(updateUserDetails) {\n            return res.status(200).json({\n                success: true,\n                message: \"User Details Updated\",\n                data: updateUserDetails\n            });\n        }\n        return res.status(404).json({\n            success: false,\n            error: \"User Not Found!\"\n        })\n    } catch (error) {\n        return res.status(500).json({\n            success: false,\n            error: \"Server Error\"\n        });\n    };\n};\n//...\n\nstatic async deleteUser (req, res) {\n    try {\n        const { _id } = req.params;\n        const removeUser = await deleteUser(_id);\n        if(removeUser) {\n            return res.status(200).json({\n                success: true,\n                message: \"User Account deleted\"\n            });\n        };\n        return res.status(404).json({\n            success: false,\n            error: \"User Not Found!\"\n        }); \n    } catch (error) {\n        return res.status(500).json({\n            success: false,\n            error: \"Server Error\"\n        });\n    };\n};\n//...\n\n}\n\n\n\n\n"],"mappings":";;;;;;;;;;;AAAA,IAAAA,OAAA,GAAAC,sBAAA,CAAAC,OAAA;AAEA,IAAAC,KAAA,GAAAF,sBAAA,CAAAC,OAAA;AADA;;AAIA,IACIE,WAAU,GAOVC,gBAAY,CAPZD,UAAU;EACVE,QAAQ,GAMRD,gBAAY,CANZC,QAAQ;EACRC,aAAa,GAKbF,gBAAY,CALZE,aAAa;EACbC,QAAQ,GAIRH,gBAAY,CAJZG,QAAQ;EACRC,QAAQ,GAGRJ,gBAAY,CAHZI,QAAQ;EACRC,WAAU,GAEVL,gBAAY,CAFZK,UAAU;EACVC,UAAU,GACVN,gBAAY,CADZM,UAAU;AACG,IAEIC,cAAc;EAAA,SAAAA,eAAA;IAAA,IAAAC,gBAAA,mBAAAD,cAAA;EAAA;EAAA,IAAAE,aAAA,aAAAF,cAAA;IAAAG,GAAA;IAAAC,KAAA;MAAA,IAAAC,cAAA,OAAAC,kBAAA,2BAAAC,YAAA,YAAAC,IAAA,CAC/B,SAAAC,QAA4BC,GAAG,EAAEC,GAAG;QAAA,IAAAC,SAAA,EAAAC,QAAA,EAAAC,KAAA,EAAAC,QAAA,EAAAC,UAAA,EAAAC,aAAA,EAAAC,IAAA,EAAAC,WAAA,EAAAC,OAAA;QAAA,OAAAb,YAAA,YAAAc,IAAA,UAAAC,SAAAC,QAAA;UAAA,kBAAAA,QAAA,CAAAC,IAAA,GAAAD,QAAA,CAAAE,IAAA;YAAA;cAAAF,QAAA,CAAAC,IAAA;cAAAZ,SAAA,GAESF,GAAG,CAACgB,IAAI,EAArCb,QAAQ,GAAAD,SAAA,CAARC,QAAQ,EAAEC,KAAK,GAAAF,SAAA,CAALE,KAAK,EAAEC,QAAQ,GAAAH,SAAA,CAARG,QAAQ;cAAA,MAC9B,CAACF,QAAQ,IAAI,CAACC,KAAK,IAAI,CAACC,QAAQ;gBAAAQ,QAAA,CAAAE,IAAA;gBAAA;cAAA;cAAA,OAAAF,QAAA,CAAAI,MAAA,WACxBhB,GAAG,CAACiB,MAAM,CAAC,GAAG,CAAC,CAACC,IAAI,CAAC;gBAACC,OAAO,EAAE,KAAK;gBAAEC,KAAK,EAAE;cAAoC,CAAC,CAAC;YAAA;cAC7F;cAACR,QAAA,CAAAE,IAAA;cAAA,OACuB5B,QAAQ,CAACiB,KAAK,CAAC;YAAA;cAAlCE,UAAU,GAAAO,QAAA,CAAAS,IAAA;cAAAT,QAAA,CAAAE,IAAA;cAAA,OACY9B,aAAa,CAACkB,QAAQ,CAAC;YAAA;cAA7CI,aAAa,GAAAM,QAAA,CAAAS,IAAA;cAAA,MAChBf,aAAa,IAAID,UAAU;gBAAAO,QAAA,CAAAE,IAAA;gBAAA;cAAA;cAAA,OAAAF,QAAA,CAAAI,MAAA,WACnBhB,GAAG,CAACiB,MAAM,CAAC,GAAG,CAAC,CAACC,IAAI,CAAC;gBAAED,MAAM,EAAE,GAAG;gBACzCG,KAAK,EAAE;cACP,CAAC,CAAC;YAAA;cACL;cAACR,QAAA,CAAAE,IAAA;cAAA,OACiBQ,kBAAM,CAACf,IAAI,CAACH,QAAQ,EAAE,EAAE,CAAC;YAAA;cAAtCG,IAAI,GAAAK,QAAA,CAAAS,IAAA;cACJb,WAAW,GAAG;gBAAEN,QAAQ,EAARA,QAAQ;gBAAEC,KAAK,EAALA,KAAK;gBAAEC,QAAQ,EAAEG;cAAK,CAAC;cAAAK,QAAA,CAAAE,IAAA;cAAA,OACjC1B,UAAU,CAACoB,WAAW,CAAC;YAAA;cAAvCC,OAAO,GAAAG,QAAA,CAAAS,IAAA;cAAA,KACVZ,OAAO;gBAAAG,QAAA,CAAAE,IAAA;gBAAA;cAAA;cAAA,OAAAF,QAAA,CAAAI,MAAA,WACChB,GAAG,CAACiB,MAAM,CAAC,GAAG,CAAC,CAACC,IAAI,CAAC;gBACxBC,OAAO,EAAE,IAAI;gBACbI,OAAO,EAAE,+BAA+B;gBACxCC,IAAI,EAAEf;cACV,CAAC,CAAC;YAAA;cACL;cAACG,QAAA,CAAAE,IAAA;cAAA;YAAA;cAAAF,QAAA,CAAAC,IAAA;cAAAD,QAAA,CAAAa,EAAA,GAAAb,QAAA;cAAA,OAAAA,QAAA,CAAAI,MAAA,WAEKhB,GAAG,CAACiB,MAAM,CAAC,GAAG,CAAC,CAACC,IAAI,CAAC;gBACxBC,OAAO,EAAE,KAAK;gBACdC,KAAK,EAAE;cACX,CAAC,CAAC;YAAA;YAAA;cAAA,OAAAR,QAAA,CAAAc,IAAA;UAAA;QAAA,GAAA5B,OAAA;MAAA,CAET;MAAA,SAAA6B,cAAAC,EAAA,EAAAC,GAAA;QAAA,OAAAnC,cAAA,CAAAoC,KAAA,OAAAC,SAAA;MAAA;MAAA,OAAAJ,aAAA;IAAA;EAAA;IAAAnC,GAAA;IAAAC,KAAA,EAEL;IAAA;MAAA,IAAAuC,eAAA,OAAArC,kBAAA,2BAAAC,YAAA,YAAAC,IAAA,CAEA,SAAAoC,SAA6BlC,GAAG,EAAEC,GAAG;QAAA,IAAAkC,GAAA,EAAAC,OAAA;QAAA,OAAAvC,YAAA,YAAAc,IAAA,UAAA0B,UAAAC,SAAA;UAAA,kBAAAA,SAAA,CAAAxB,IAAA,GAAAwB,SAAA,CAAAvB,IAAA;YAAA;cAAAuB,SAAA,CAAAxB,IAAA;cAErBqB,GAAG,GAAKnC,GAAG,CAACuC,MAAM,CAAlBJ,GAAG;cAAAG,SAAA,CAAAvB,IAAA;cAAA,OACW/B,QAAQ,CAACmD,GAAG,CAAC;YAAA;cAA7BC,OAAO,GAAAE,SAAA,CAAAhB,IAAA;cAAA,KACdc,OAAO;gBAAAE,SAAA,CAAAvB,IAAA;gBAAA;cAAA;cAAA,OAAAuB,SAAA,CAAArB,MAAA,WACChB,GAAG,CAACiB,MAAM,CAAC,GAAG,CAAC,CAACC,IAAI,CAAC;gBACxBC,OAAO,EAAE,IAAI;gBACbI,OAAO,EAAE,iBAAiB;gBAC1BC,IAAI,EAAEW;cACV,CAAC,CAAC;YAAA;cAAA,OAAAE,SAAA,CAAArB,MAAA,WAEChB,GAAG,CAACiB,MAAM,CAAC,GAAG,CAAC,CAACC,IAAI,CAAC;gBACxBC,OAAO,EAAE,KAAK;gBACdC,KAAK,EAAE;cACX,CAAC,CAAC;YAAA;cAAAiB,SAAA,CAAAxB,IAAA;cAAAwB,SAAA,CAAAZ,EAAA,GAAAY,SAAA;cAAA,OAAAA,SAAA,CAAArB,MAAA,WAEShB,GAAG,CAACiB,MAAM,CAAC,GAAG,CAAC,CAACC,IAAI,CAAC;gBACxBC,OAAO,EAAE,KAAK;gBACdC,KAAK,EAAE;cACX,CAAC,CAAC;YAAA;YAAA;cAAA,OAAAiB,SAAA,CAAAX,IAAA;UAAA;QAAA,GAAAO,QAAA;MAAA,CAET;MAAA,SAAAM,eAAAC,GAAA,EAAAC,GAAA;QAAA,OAAAT,eAAA,CAAAF,KAAA,OAAAC,SAAA;MAAA;MAAA,OAAAQ,cAAA;IAAA;EAAA;IAAA/C,GAAA;IAAAC,KAAA,EACD;IAAA;MAAA,IAAAiD,YAAA,OAAA/C,kBAAA,2BAAAC,YAAA,YAAAC,IAAA,CAEA,SAAA8C,SAA0B5C,GAAG,EAAEC,GAAG;QAAA,IAAA4C,KAAA;QAAA,OAAAhD,YAAA,YAAAc,IAAA,UAAAmC,UAAAC,SAAA;UAAA,kBAAAA,SAAA,CAAAjC,IAAA,GAAAiC,SAAA,CAAAhC,IAAA;YAAA;cAAAgC,SAAA,CAAAjC,IAAA;cAAAiC,SAAA,CAAAhC,IAAA;cAAA,OAEN7B,QAAQ,CAAC,CAAC;YAAA;cAAxB2D,KAAK,GAAAE,SAAA,CAAAzB,IAAA;cAAA,KACRuB,KAAK;gBAAAE,SAAA,CAAAhC,IAAA;gBAAA;cAAA;cAAA,OAAAgC,SAAA,CAAA9B,MAAA,WACGhB,GAAG,CAACiB,MAAM,CAAC,GAAG,CAAC,CAACC,IAAI,CAAC;gBACxBC,OAAO,EAAE,IAAI;gBACbI,OAAO,EAAE,kCAAkC;gBAC3CwB,KAAK,EAAEH,KAAK,CAACI,MAAM;gBACnBxB,IAAI,EAAEoB;cACV,CAAC,CAAC;YAAA;cACL;cAACE,SAAA,CAAAhC,IAAA;cAAA;YAAA;cAAAgC,SAAA,CAAAjC,IAAA;cAAAiC,SAAA,CAAArB,EAAA,GAAAqB,SAAA;cAAA,OAAAA,SAAA,CAAA9B,MAAA,WAEKhB,GAAG,CAACiB,MAAM,CAAC,GAAG,CAAC,CAACC,IAAI,CAAC;gBACxBC,OAAO,EAAE,KAAK;gBACdC,KAAK,EAAE;cACX,CAAC,CAAC;YAAA;cACL;YAAC;YAAA;cAAA,OAAA0B,SAAA,CAAApB,IAAA;UAAA;QAAA,GAAAiB,QAAA;MAAA,CACL;MAAA,SAAAM,YAAAC,GAAA,EAAAC,GAAA;QAAA,OAAAT,YAAA,CAAAZ,KAAA,OAAAC,SAAA;MAAA;MAAA,OAAAkB,WAAA;IAAA;EAAA;IAAAzD,GAAA;IAAAC,KAAA,EACD;IAAA;MAAA,IAAA2D,YAAA,OAAAzD,kBAAA,2BAAAC,YAAA,YAAAC,IAAA,CAEA,SAAAwD,SAAyBtD,GAAG,EAAEC,GAAG;QAAA,IAAAkC,GAAA,EAAAoB,UAAA,EAAAC,OAAA,EAAAC,WAAA,EAAAC,QAAA,EAAAC,SAAA,EAAAC,aAAA,EAAAC,iBAAA;QAAA,OAAAhE,YAAA,YAAAc,IAAA,UAAAmD,UAAAC,SAAA;UAAA,kBAAAA,SAAA,CAAAjD,IAAA,GAAAiD,SAAA,CAAAhD,IAAA;YAAA;cAAAgD,SAAA,CAAAjD,IAAA;cAEjBqB,GAAG,GAAKnC,GAAG,CAACuC,MAAM,CAAlBJ,GAAG;cAAAoB,UAAA,GAC2CvD,GAAG,CAACgB,IAAI,EAAtDwC,OAAO,GAAAD,UAAA,CAAPC,OAAO,EAAEC,WAAW,GAAAF,UAAA,CAAXE,WAAW,EAAEC,QAAQ,GAAAH,UAAA,CAARG,QAAQ,EAAEC,SAAS,GAAAJ,UAAA,CAATI,SAAS;cAC3CC,aAAa,GAAG;gBAAEJ,OAAO,EAAPA,OAAO;gBAAEC,WAAW,EAAXA,WAAW;gBAAEC,QAAQ,EAARA,QAAQ;gBAAEC,SAAS,EAATA;cAAU,CAAC;cAAAI,SAAA,CAAAhD,IAAA;cAAA,OACnCjC,WAAU,CAACqD,GAAG,EAAEyB,aAAa,CAAC;YAAA;cAAxDC,iBAAiB,GAAAE,SAAA,CAAAzC,IAAA;cAAA,KACpBuC,iBAAiB;gBAAAE,SAAA,CAAAhD,IAAA;gBAAA;cAAA;cAAA,OAAAgD,SAAA,CAAA9C,MAAA,WACThB,GAAG,CAACiB,MAAM,CAAC,GAAG,CAAC,CAACC,IAAI,CAAC;gBACxBC,OAAO,EAAE,IAAI;gBACbI,OAAO,EAAE,sBAAsB;gBAC/BC,IAAI,EAAEoC;cACV,CAAC,CAAC;YAAA;cAAA,OAAAE,SAAA,CAAA9C,MAAA,WAEChB,GAAG,CAACiB,MAAM,CAAC,GAAG,CAAC,CAACC,IAAI,CAAC;gBACxBC,OAAO,EAAE,KAAK;gBACdC,KAAK,EAAE;cACX,CAAC,CAAC;YAAA;cAAA0C,SAAA,CAAAjD,IAAA;cAAAiD,SAAA,CAAArC,EAAA,GAAAqC,SAAA;cAAA,OAAAA,SAAA,CAAA9C,MAAA,WAEKhB,GAAG,CAACiB,MAAM,CAAC,GAAG,CAAC,CAACC,IAAI,CAAC;gBACxBC,OAAO,EAAE,KAAK;gBACdC,KAAK,EAAE;cACX,CAAC,CAAC;YAAA;cACL;YAAC;YAAA;cAAA,OAAA0C,SAAA,CAAApC,IAAA;UAAA;QAAA,GAAA2B,QAAA;MAAA,CACL;MAAA,SAAAxE,WAAAkF,GAAA,EAAAC,GAAA;QAAA,OAAAZ,YAAA,CAAAtB,KAAA,OAAAC,SAAA;MAAA;MAAA,OAAAlD,UAAA;IAAA;EAAA;IAAAW,GAAA;IAAAC,KAAA,EACD;IAAA;MAAA,IAAAwE,YAAA,OAAAtE,kBAAA,2BAAAC,YAAA,YAAAC,IAAA,CAEA,SAAAqE,SAAyBnE,GAAG,EAAEC,GAAG;QAAA,IAAAkC,GAAA,EAAAiC,UAAA;QAAA,OAAAvE,YAAA,YAAAc,IAAA,UAAA0D,UAAAC,SAAA;UAAA,kBAAAA,SAAA,CAAAxD,IAAA,GAAAwD,SAAA,CAAAvD,IAAA;YAAA;cAAAuD,SAAA,CAAAxD,IAAA;cAEjBqB,GAAG,GAAKnC,GAAG,CAACuC,MAAM,CAAlBJ,GAAG;cAAAmC,SAAA,CAAAvD,IAAA;cAAA,OACc3B,WAAU,CAAC+C,GAAG,CAAC;YAAA;cAAlCiC,UAAU,GAAAE,SAAA,CAAAhD,IAAA;cAAA,KACb8C,UAAU;gBAAAE,SAAA,CAAAvD,IAAA;gBAAA;cAAA;cAAA,OAAAuD,SAAA,CAAArD,MAAA,WACFhB,GAAG,CAACiB,MAAM,CAAC,GAAG,CAAC,CAACC,IAAI,CAAC;gBACxBC,OAAO,EAAE,IAAI;gBACbI,OAAO,EAAE;cACb,CAAC,CAAC;YAAA;cACL;cAAC,OAAA8C,SAAA,CAAArD,MAAA,WACKhB,GAAG,CAACiB,MAAM,CAAC,GAAG,CAAC,CAACC,IAAI,CAAC;gBACxBC,OAAO,EAAE,KAAK;gBACdC,KAAK,EAAE;cACX,CAAC,CAAC;YAAA;cAAAiD,SAAA,CAAAxD,IAAA;cAAAwD,SAAA,CAAA5C,EAAA,GAAA4C,SAAA;cAAA,OAAAA,SAAA,CAAArD,MAAA,WAEKhB,GAAG,CAACiB,MAAM,CAAC,GAAG,CAAC,CAACC,IAAI,CAAC;gBACxBC,OAAO,EAAE,KAAK;gBACdC,KAAK,EAAE;cACX,CAAC,CAAC;YAAA;cACL;YAAC;YAAA;cAAA,OAAAiD,SAAA,CAAA3C,IAAA;UAAA;QAAA,GAAAwC,QAAA;MAAA,CACL;MAAA,SAAA/E,WAAAmF,GAAA,EAAAC,IAAA;QAAA,OAAAN,YAAA,CAAAnC,KAAA,OAAAC,SAAA;MAAA;MAAA,OAAA5C,UAAA;IAAA;EAAA;EAAA,OAAAE,cAAA;AAAA;AAAAmF,OAAA,cAAAnF,cAAA"},"_coverageSchema":"1a1c01bbd47fc00a2c39e90264f33305004495a9","hash":"ee81a096c48dc65f3cb97d58a22721cef38b74fa","contentHash":"17e80ceeb0023d19f09888dc9319d04c978291545997f75ebd56ebecc42fd90d"},"/Users/user/NODE JS ADVENTURES/FIRST_CRUD_PROJECT/src/services/user.js":{"path":"/Users/user/NODE JS ADVENTURES/FIRST_CRUD_PROJECT/src/services/user.js","statementMap":{"0":{"start":{"line":3,"column":29},"end":{"line":3,"column":84}},"1":{"start":{"line":4,"column":0},"end":{"line":6,"column":3}},"2":{"start":{"line":7,"column":0},"end":{"line":7,"column":28}},"3":{"start":{"line":8,"column":19},"end":{"line":8,"column":80}},"4":{"start":{"line":9,"column":25},"end":{"line":9,"column":99}},"5":{"start":{"line":10,"column":23},"end":{"line":10,"column":95}},"6":{"start":{"line":11,"column":20},"end":{"line":11,"column":89}},"7":{"start":{"line":12,"column":12},"end":{"line":12,"column":60}},"8":{"start":{"line":14,"column":32},"end":{"line":227,"column":3}},"9":{"start":{"line":16,"column":4},"end":{"line":16,"column":57}},"10":{"start":{"line":18,"column":2},"end":{"line":225,"column":6}},"11":{"start":{"line":21,"column":24},"end":{"line":41,"column":9}},"12":{"start":{"line":22,"column":8},"end":{"line":40,"column":36}},"13":{"start":{"line":23,"column":10},"end":{"line":39,"column":11}},"14":{"start":{"line":23,"column":20},"end":{"line":39,"column":11}},"15":{"start":{"line":25,"column":14},"end":{"line":25,"column":32}},"16":{"start":{"line":26,"column":14},"end":{"line":26,"column":32}},"17":{"start":{"line":27,"column":14},"end":{"line":27,"column":58}},"18":{"start":{"line":29,"column":14},"end":{"line":29,"column":62}},"19":{"start":{"line":31,"column":14},"end":{"line":31,"column":32}},"20":{"start":{"line":32,"column":14},"end":{"line":32,"column":49}},"21":{"start":{"line":33,"column":14},"end":{"line":33,"column":60}},"22":{"start":{"line":38,"column":14},"end":{"line":38,"column":37}},"23":{"start":{"line":43,"column":8},"end":{"line":43,"column":50}},"24":{"start":{"line":45,"column":6},"end":{"line":45,"column":24}},"25":{"start":{"line":50,"column":22},"end":{"line":72,"column":9}},"26":{"start":{"line":51,"column":8},"end":{"line":71,"column":37}},"27":{"start":{"line":52,"column":10},"end":{"line":70,"column":11}},"28":{"start":{"line":52,"column":20},"end":{"line":70,"column":11}},"29":{"start":{"line":54,"column":14},"end":{"line":54,"column":33}},"30":{"start":{"line":55,"column":14},"end":{"line":55,"column":33}},"31":{"start":{"line":56,"column":14},"end":{"line":58,"column":17}},"32":{"start":{"line":60,"column":14},"end":{"line":60,"column":64}},"33":{"start":{"line":62,"column":14},"end":{"line":62,"column":33}},"34":{"start":{"line":63,"column":14},"end":{"line":63,"column":51}},"35":{"start":{"line":64,"column":14},"end":{"line":64,"column":62}},"36":{"start":{"line":69,"column":14},"end":{"line":69,"column":38}},"37":{"start":{"line":74,"column":8},"end":{"line":74,"column":48}},"38":{"start":{"line":76,"column":6},"end":{"line":76,"column":22}},"39":{"start":{"line":81,"column":22},"end":{"line":101,"column":9}},"40":{"start":{"line":82,"column":8},"end":{"line":100,"column":37}},"41":{"start":{"line":83,"column":10},"end":{"line":99,"column":11}},"42":{"start":{"line":83,"column":20},"end":{"line":99,"column":11}},"43":{"start":{"line":85,"column":14},"end":{"line":85,"column":33}},"44":{"start":{"line":86,"column":14},"end":{"line":86,"column":33}},"45":{"start":{"line":87,"column":14},"end":{"line":89,"column":17}},"46":{"start":{"line":91,"column":14},"end":{"line":91,"column":64}},"47":{"start":{
[...]
"line":138,"column":11},"end":{"line":138,"column":12}},"loc":{"start":{"line":138,"column":23},"end":{"line":166,"column":5}},"line":138},"19":{"name":"_callee5","decl":{"start":{"line":139,"column":114},"end":{"line":139,"column":122}},"loc":{"start":{"line":139,"column":133},"end":{"line":161,"column":7}},"line":139},"20":{"name":"_callee5$","decl":{"start":{"line":140,"column":53},"end":{"line":140,"column":62}},"loc":{"start":{"line":140,"column":74},"end":{"line":160,"column":9}},"line":140},"21":{"name":"checkUsername","decl":{"start":{"line":162,"column":15},"end":{"line":162,"column":28}},"loc":{"start":{"line":162,"column":34},"end":{"line":164,"column":7}},"line":162},"22":{"name":"(anonymous_22)","decl":{"start":{"line":169,"column":11},"end":{"line":169,"column":12}},"loc":{"start":{"line":169,"column":23},"end":{"line":195,"column":5}},"line":169},"23":{"name":"_callee6","decl":{"start":{"line":170,"column":111},"end":{"line":170,"column":119}},"loc":{"start":{"line":170,"column":140},"end":{"line":190,"column":7}},"line":170},"24":{"name":"_callee6$","decl":{"start":{"line":171,"column":53},"end":{"line":171,"column":62}},"loc":{"start":{"line":171,"column":74},"end":{"line":189,"column":9}},"line":171},"25":{"name":"updateUser","decl":{"start":{"line":191,"column":15},"end":{"line":191,"column":25}},"loc":{"start":{"line":191,"column":36},"end":{"line":193,"column":7}},"line":191},"26":{"name":"(anonymous_26)","decl":{"start":{"line":198,"column":11},"end":{"line":198,"column":12}},"loc":{"start":{"line":198,"column":23},"end":{"line":224,"column":5}},"line":198},"27":{"name":"_callee7","decl":{"start":{"line":199,"column":111},"end":{"line":199,"column":119}},"loc":{"start":{"line":199,"column":125},"end":{"line":219,"column":7}},"line":199},"28":{"name":"_callee7$","decl":{"start":{"line":200,"column":53},"end":{"line":200,"column":62}},"loc":{"start":{"line":200,"column":74},"end":{"line":218,"column":9}},"line":200},"29":{"name":"deleteUser","decl":{"start":{"line":220,"column":15},"end":{"line":220,"column":25}},"loc":{"start":{"line":220,"column":31},"end":{"line":222,"column":7}},"line":220}},"branchMap":{"0":{"loc":{"start":{"line":23,"column":20},"end":{"line":39,"column":11}},"type":"switch","locations":[{"start":{"line":24,"column":12},"end":{"line":27,"column":58}},{"start":{"line":28,"column":12},"end":{"line":29,"column":62}},{"start":{"line":30,"column":12},"end":{"line":33,"column":60}},{"start":{"line":34,"column":12},"end":{"line":35,"column":15}},{"start":{"line":36,"column":12},"end":{"line":36,"column":20}},{"start":{"line":37,"column":12},"end":{"line":38,"column":37}}],"line":23},"1":{"loc":{"start":{"line":52,"column":20},"end":{"line":70,"column":11}},"type":"switch","locations":[{"start":{"line":53,"column":12},"end":{"line":58,"column":17}},{"start":{"line":59,"column":12},"end":{"line":60,"column":64}},{"start":{"line":61,"column":12},"end":{"line":64,"column":62}},{"start":{"line":65,"column":12},"end":{"line":66,"column":15}},{"start":{"line":67,"column":12},"end":{"line":67,"column":20}},{"start":{"line":68,"column":12},"end":{"line":69,"column":38}}],"line":52},"2":{"loc":{"start":{"line":83,"column":20},"end":{"line":99,"column":11}},"type":"switch","locations":[{"start":{"line":84,"column":12},"end":{"line":89,"column":17}},{"start":{"line":90,"column":12},"end":{"line":91,"column":64}},{"start":{"line":92,"column":12},"end":{"line":95,"column":62}},{"start":{"line":96,"column":12},"end":{"line":96,"column":19}},{"start":{"line":97,"column":12},"end":{"line":98,"column":38}}],"line":83},"3":{"loc":{"start":{"line":112,"column":20},"end":{"line":128,"column":11}},"type":"switch","locations":[{"start":{"line":113,"column":12},"end":{"line":116,"column":45}},{"start":{"line":117,"column":12},"end":{"line":118,"column":64}},{"start":{"line":119,"column":12},"end":{"line":122,"column":62}},{"start":{"line":123,"column":12},"end":{"line":124,"column":15}},{"start":{"line":125,"column":12},"end":{"line":125,"column":20}},{"start":{"line":126,"column":12},"end":{"line":127,"column":38}}],"line":112},"4":{"loc":{"start":{"line":141,"column":20},"end":{"line":159,"column":11}},"type":"switch","locations":[{"start":{"line":142,"column":12},"end":{"line":147,"column":17}},{"start":{"line":148,"column":12},"end":{"line":149,"column":64}},{"start":{"line":150,"column":12},"end":{"line":153,"column":62}},{"start":{"line":154,"column":12},"end":{"line":155,"column":15}},{"start":{"line":156,"column":12},"end":{"line":156,"column":20}},{"start":{"line":157,"column":12},"end":{"line":158,"column":38}}],"line":141},"5":{"loc":{"start":{"line":172,"column":20},"end":{"line":188,"column":11}},"type":"switch","locations":[{"start":{"line":173,"column":12},"end":{"line":178,"column":17}},{"start":{"line":179,"column":12},"end":{"line":180,"column":64}},{"start":{"line":181,"column":12},"end":{"line":184,"column":62}},{"start":{"line":185,"column":12},"end":{"line":185,"column":19}},{"start":{"line":186,"column":12},"end":{"line":187,"column":38}}],"line":172},"6":{"loc":{"start":{"line":201,"column":20},"end":{"line":217,"column":11}},"type":"switch","locations":[{"start":{"line":202,"column":12},"end":{"line":207,"column":17}},{"start":{"line":208,"column":12},"end":{"line":209,"column":64}},{"start":{"line":210,"column":12},"end":{"line":213,"column":62}},{"start":{"line":214,"column":12},"end":{"line":214,"column":19}},{"start":{"line":215,"column":12},"end":{"line":216,"column":38}}],"line":201}},"s":{"0":1,"1":1,"2":1,"3":1,"4":1,"5":1,"6":1,"7":1,"8":1,"9":0,"10":1,"11":1,"12":0,"13":0,"14":0,"15":0,"16":0,"17":0,"18":0,"19":0,"20":0,"21":0,"22":0,"23":0,"24":1,"25":1,"26":4,"27":4,"28":4,"29":4,"30":4,"31":4,"32":0,"33":0,"34":0,"35":0,"36":0,"37":4,"38":1,"39":1,"40":1,"41":3,"42":3,"43":1,"44":1,"45":1,"46":0,"47":1,"48":1,"49":1,"50":1,"51":1,"52":1,"53":1,"54":1,"55":1,"56":1,"57":1,"58":1,"59":1,"60":0,"61":0,"62":0,"63":0,"64":0,"65":1,"66":1,"67":1,"68":0,"69":0,"70":0,"71":0,"72":0,"73":0,"74":0,"75":0,"76":0,"77":0,"78":0,"79":0,"80":1,"81":1,"82":1,"83":3,"84":3,"85":1,"86":1,"87":1,"88":0,"89":1,"90":1,"91":1,"92":1,"93":1,"94":1,"95":1,"96":1,"97":3,"98":3,"99":1,"100":1,"101":1,"102":0,"103":1,"104":1,"105":1,"106":1,"107":1,"108":1,"109":1,"110":1},"f":{"0":1,"1":0,"2":1,"3":0,"4":0,"5":0,"6":1,"7":4,"8":4,"9":4,"10":1,"11":1,"12":3,"13":1,"14":1,"15":1,"16":1,"17":1,"18":1,"19":0,"20":0,"21":0,"22":1,"23":1,"24":3,"25":1,"26":1,"27":1,"28":3,"29":1},"b":{"0":[0,0,0,0,0,0],"1":[4,0,0,0,0,0],"2":[1,0,1,0,1],"3":[1,0,0,0,0,0],"4":[0,0,0,0,0,0],"5":[1,0,1,0,1],"6":[1,0,1,0,1]},"inputSourceMap":{"version":3,"names":["_user","_interopRequireDefault","require","UserServices","_classCallCheck2","_createClass2","key","value","_createUser","_asyncToGenerator2","_regenerator","mark","_callee","userDetails","wrap","_callee$","_context","prev","next","User","create","abrupt","sent","t0","stop","createUser","_x","apply","arguments","_findUser","_callee2","email","_callee2$","_context2","findOne","findUser","_x2","_findById","_callee3","_id","_callee3$","_context3","findById","_x3","_getUsers","_callee4","_callee4$","_context4","find","getUsers","_checkUsername","_callee5","username","_callee5$","_context5","checkUsername","_x4","_updateUser","_callee6","updateDetails","_callee6$","_context6","findByIdAndUpdate","updateUser","_x5","_x6","_deleteUser","_callee7","_callee7$","_context7","findByIdAndDelete","deleteUser","_x7","exports"],"sourceRoot":"/Users/user/NODE JS ADVENTURES/FIRST_CRUD_PROJECT/src/services/","sources":["user.js"],"sourcesContent":["import User from \"../model/user\";\n// import UserSchema from \"../model/user\";\n\nexport default class UserServices {\n    static async createUser (userDetails) {\n        try {\n            return await User.create(userDetails);\n        } catch (error) {\n          return error;\n        };\n    };\n\n    static async findUser (email) {\n        try {\n            return await User.findOne({ email });\n        } catch (error) {\n          return error;\n        };\n    };\n\n    static async findById(_id) {\n        try {\n            return await User.findOne({ _id })\n        } catch (error) {\n            return error;\n        }\n    }\n\n    static async getUsers () {\n        try {\n            return await User.find();\n        } catch (error) {\n          return error;\n        };\n    };\n\n    static async checkUsername (username) {\n        try {\n            return await User.findOne({ username });\n        } catch (error) {\n          return error;\n        };\n    };\n\n    static async updateUser(_id, updateDetails) {\n        try {\n            return await User.findByIdAndUpdate( _id, updateDetails, { new: true  });\n        } catch (error) {\n            return error;\n        }\n    };\n\n    static async deleteUser(_id) {\n        try {\n            return await User.findByIdAndDelete({ _id });\n        } catch (error) {\n          return error;\n        }\n    };\n};\n"],"mappings":";;;;;;;;;;;AAAA,IAAAA,KAAA,GAAAC,sBAAA,CAAAC,OAAA;AACA;AAAA,IAEqBC,YAAY;EAAA,SAAAA,aAAA;IAAA,IAAAC,gBAAA,mBAAAD,YAAA;EAAA;EAAA,IAAAE,aAAA,aAAAF,YAAA;IAAAG,GAAA;IAAAC,KAAA;MAAA,IAAAC,WAAA,OAAAC,kBAAA,2BAAAC,YAAA,YAAAC,IAAA,CAC7B,SAAAC,QAAyBC,WAAW;QAAA,OAAAH,YAAA,YAAAI,IAAA,UAAAC,SAAAC,QAAA;UAAA,kBAAAA,QAAA,CAAAC,IAAA,GAAAD,QAAA,CAAAE,IAAA;YAAA;cAAAF,QAAA,CAAAC,IAAA;cAAAD,QAAA,CAAAE,IAAA;cAAA,OAEfC,gBAAI,CAACC,MAAM,CAACP,WAAW,CAAC;YAAA;cAAA,OAAAG,QAAA,CAAAK,MAAA,WAAAL,QAAA,CAAAM,IAAA;YAAA;cAAAN,QAAA,CAAAC,IAAA;cAAAD,QAAA,CAAAO,EAAA,GAAAP,QAAA;cAAA,OAAAA,QAAA,CAAAK,MAAA,WAAAL,QAAA,CAAAO,EAAA;YAAA;cAGxC;YAAC;YAAA;cAAA,OAAAP,QAAA,CAAAQ,IAAA;UAAA;QAAA,GAAAZ,OAAA;MAAA,CACL;MAAA,SAAAa,WAAAC,EAAA;QAAA,OAAAlB,WAAA,CAAAmB,KAAA,OAAAC,SAAA;MAAA;MAAA,OAAAH,UAAA;IAAA;EAAA;IAAAnB,GAAA;IAAAC,KAAA;MAAA,IAAAsB,SAAA,OAAApB,kBAAA,2BAAAC,YAAA,YAAAC,IAAA,CAED,SAAAmB,SAAuBC,KAAK;QAAA,OAAArB,YAAA,YAAAI,IAAA,UAAAkB,UAAAC,SAAA;UAAA,kBAAAA,SAAA,CAAAhB,IAAA,GAAAgB,SAAA,CAAAf,IAAA;YAAA;cAAAe,SAAA,CAAAhB,IAAA;cAAAgB,SAAA,CAAAf,IAAA;cAAA,OAEPC,gBAAI,CAACe,OAAO,CAAC;gBAAEH,KAAK,EAALA;cAAM,CAAC,CAAC;YAAA;cAAA,OAAAE,SAAA,CAAAZ,MAAA,WAAAY,SAAA,CAAAX,IAAA;YAAA;cAAAW,SAAA,CAAAhB,IAAA;cAAAgB,SAAA,CAAAV,EAAA,GAAAU,SAAA;cAAA,OAAAA,SAAA,CAAAZ,MAAA,WAAAY,SAAA,CAAAV,EAAA;YAAA;cAGvC;YAAC;YAAA;cAAA,OAAAU,SAAA,CAAAT,IAAA;UAAA;QAAA,GAAAM,QAAA;MAAA,CACL;MAAA,SAAAK,SAAAC,GAAA;QAAA,OAAAP,SAAA,CAAAF,KAAA,OAAAC,SAAA;MAAA;MAAA,OAAAO,QAAA;IAAA;EAAA;IAAA7B,GAAA;IAAAC,KAAA;MAAA,IAAA8B,SAAA,OAAA5B,kBAAA,2BAAAC,YAAA,YAAAC,IAAA,CAED,SAAA2B,SAAsBC,GAAG;QAAA,OAAA7B,YAAA,YAAAI,IAAA,UAAA0B,UAAAC,SAAA;UAAA,kBAAAA,SAAA,CAAAxB,IAAA,GAAAwB,SAAA,CAAAvB,IAAA;YAAA;cAAAuB,SAAA,CAAAxB,IAAA;cAAAwB,SAAA,CAAAvB,IAAA;cAAA,OAEJC,gBAAI,CAACe,OAAO,CAAC;gBAAEK,GAAG,EAAHA;cAAI,CAAC,CAAC;YAAA;cAAA,OAAAE,SAAA,CAAApB,MAAA,WAAAoB,SAAA,CAAAnB,IAAA;YAAA;cAAAmB,SAAA,CAAAxB,IAAA;cAAAwB,SAAA,CAAAlB,EAAA,GAAAkB,SAAA;cAAA,OAAAA,SAAA,CAAApB,MAAA,WAAAoB,SAAA,CAAAlB,EAAA;YAAA;YAAA;cAAA,OAAAkB,SAAA,CAAAjB,IAAA;UAAA;QAAA,GAAAc,QAAA;MAAA,CAIzC;MAAA,SAAAI,SAAAC,GAAA;QAAA,OAAAN,SAAA,CAAAV,KAAA,OAAAC,SAAA;MAAA;MAAA,OAAAc,QAAA;IAAA;EAAA;IAAApC,GAAA;IAAAC,KAAA;MAAA,IAAAqC,SAAA,OAAAnC,kBAAA,2BAAAC,YAAA,YAAAC,IAAA,CAED,SAAAkC,SAAA;QAAA,OAAAnC,YAAA,YAAAI,IAAA,UAAAgC,UAAAC,SAAA;UAAA,kBAAAA,SAAA,CAAA9B,IAAA,GAAA8B,SAAA,CAAA7B,IAAA;YAAA;cAAA6B,SAAA,CAAA9B,IAAA;cAAA8B,SAAA,CAAA7B,IAAA;cAAA,OAEqBC,gBAAI,CAAC6B,IAAI,CAAC,CAAC;YAAA;cAAA,OAAAD,SAAA,CAAA1B,MAAA,WAAA0B,SAAA,CAAAzB,IAAA;YAAA;cAAAyB,SAAA,CAAA9B,IAAA;cAAA8B,SAAA,CAAAxB,EAAA,GAAAwB,SAAA;cAAA,OAAAA,SAAA,CAAA1B,MAAA,WAAA0B,SAAA,CAAAxB,EAAA;YAAA;cAG3B;YAAC;YAAA;cAAA,OAAAwB,SAAA,CAAAvB,IAAA;UAAA;QAAA,GAAAqB,QAAA;MAAA,CACL;MAAA,SAAAI,SAAA;QAAA,OAAAL,SAAA,CAAAjB,KAAA,OAAAC,SAAA;MAAA;MAAA,OAAAqB,QAAA;IAAA;EAAA;IAAA3C,GAAA;IAAAC,KAAA;MAAA,IAAA2C,cAAA,OAAAzC,kBAAA,2BAAAC,YAAA,YAAAC,IAAA,CAED,SAAAwC,SAA4BC,QAAQ;QAAA,OAAA1C,YAAA,YAAAI,IAAA,UAAAuC,UAAAC,SAAA;UAAA,kBAAAA,SAAA,CAAArC,IAAA,GAAAqC,SAAA,CAAApC,IAAA;YAAA;cAAAoC,SAAA,CAAArC,IAAA;cAAAqC,SAAA,CAAApC,IAAA;cAAA,OAEfC,gBAAI,CAACe,OAAO,CAAC;gBAAEkB,QAAQ,EAARA;cAAS,CAAC,CAAC;YAAA;cAAA,OAAAE,SAAA,CAAAjC,MAAA,WAAAiC,SAAA,CAAAhC,IAAA;YAAA;cAAAgC,SAAA,CAAArC,IAAA;cAAAqC,SAAA,CAAA/B,EAAA,GAAA+B,SAAA;cAAA,OAAAA,SAAA,CAAAjC,MAAA,WAAAiC,SAAA,CAAA/B,EAAA;YAAA;cAG1C;YAAC;YAAA;cAAA,OAAA+B,SAAA,CAAA9B,IAAA;UAAA;QAAA,GAAA2B,QAAA;MAAA,CACL;MAAA,SAAAI,cAAAC,GAAA;QAAA,OAAAN,cAAA,CAAAvB,KAAA,OAAAC,SAAA;MAAA;MAAA,OAAA2B,aAAA;IAAA;EAAA;IAAAjD,GAAA;IAAAC,KAAA;MAAA,IAAAkD,WAAA,OAAAhD,kBAAA,2BAAAC,YAAA,YAAAC,IAAA,CAED,SAAA+C,SAAwBnB,GAAG,EAAEoB,aAAa;QAAA,OAAAjD,YAAA,YAAAI,IAAA,UAAA8C,UAAAC,SAAA;UAAA,kBAAAA,SAAA,CAAA5C,IAAA,GAAA4C,SAAA,CAAA3C,IAAA;YAAA;cAAA2C,SAAA,CAAA5C,IAAA;cAAA4C,SAAA,CAAA3C,IAAA;cAAA,OAErBC,gBAAI,CAAC2C,iBAAiB,CAAEvB,GAAG,EAAEoB,aAAa,EAAE;gBAAE,OAAK;cAAM,CAAC,CAAC;YAAA;cAAA,OAAAE,SAAA,CAAAxC,MAAA,WAAAwC,SAAA,CAAAvC,IAAA;YAAA;cAAAuC,SAAA,CAAA5C,IAAA;cAAA4C,SAAA,CAAAtC,EAAA,GAAAsC,SAAA;cAAA,OAAAA,SAAA,CAAAxC,MAAA,WAAAwC,SAAA,CAAAtC,EAAA;YAAA;YAAA;cAAA,OAAAsC,SAAA,CAAArC,IAAA;UAAA;QAAA,GAAAkC,QAAA;MAAA,CAI/E;MAAA,SAAAK,WAAAC,GAAA,EAAAC,GAAA;QAAA,OAAAR,WAAA,CAAA9B,KAAA,OAAAC,SAAA;MAAA;MAAA,OAAAmC,UAAA;IAAA;EAAA;IAAAzD,GAAA;IAAAC,KAAA;MAAA,IAAA2D,WAAA,OAAAzD,kBAAA,2BAAAC,YAAA,YAAAC,IAAA,CAED,SAAAwD,SAAwB5B,GAAG;QAAA,OAAA7B,YAAA,YAAAI,IAAA,UAAAsD,UAAAC,SAAA;UAAA,kBAAAA,SAAA,CAAApD,IAAA,GAAAoD,SAAA,CAAAnD,IAAA;YAAA;cAAAmD,SAAA,CAAApD,IAAA;cAAAoD,SAAA,CAAAnD,IAAA;cAAA,OAENC,gBAAI,CAACmD,iBAAiB,CAAC;gBAAE/B,GAAG,EAAHA;cAAI,CAAC,CAAC;YAAA;cAAA,OAAA8B,SAAA,CAAAhD,MAAA,WAAAgD,SAAA,CAAA/C,IAAA;YAAA;cAAA+C,SAAA,CAAApD,IAAA;cAAAoD,SAAA,CAAA9C,EAAA,GAAA8C,SAAA;cAAA,OAAAA,SAAA,CAAAhD,MAAA,WAAAgD,SAAA,CAAA9C,EAAA;YAAA;YAAA;cAAA,OAAA8C,SAAA,CAAA7C,IAAA;UAAA;QAAA,GAAA2C,QAAA;MAAA,CAInD;MAAA,SAAAI,WAAAC,GAAA;QAAA,OAAAN,WAAA,CAAAvC,KAAA,OAAAC,SAAA;MAAA;MAAA,OAAA2C,UAAA;IAAA;EAAA;EAAA,OAAApE,YAAA;AAAA;AAAAsE,OAAA,cAAAtE,YAAA;AACJ"},"_coverageSchema":"1a1c01bbd47fc00a2c39e90264f33305004495a9","hash":"103225b5633074aee8cd35ca8dfb9452eafcfbdf","contentHash":"ec9d4156e63deeefd92bf911196289dc929d8ca3712e6868efa298bce30063c6"},"/Users/user/NODE JS ADVENTURES/FIRST_CRUD_PROJECT/src/model/user.js":{"path":"/Users/user/NODE JS ADVENTURES/FIRST_CRUD_PROJECT/src/model/user.js","statementMap":{"0":{"start":{"line":3,"column":29},"end":{"line":3,"column":84}},"1":{"start":{"line":4,"column":0},"end":{"line":6,"column":3}},"2":{"start":{"line":7,"column":0},"end":{"line":7,"column":28}},"3":{"start":{"line":8,"column":16},"end":{"line":8,"column":59}},"4":{"start":{"line":9,"column":17},"end":{"line":49,"column":2}},"5":{"start":{"line":50,"column":15},"end":{"line":50,"column":61}},"6":{"start":{"line":51,"column":0},"end":{"line":51,"column":30}}},"fnMap":{},"branchMap":{},"s":{"0":1,"1":1,"2":1,"3":1,"4":1,"5":1,"6":1},"f":{},"b":{},"inputSourceMap":{"version":3,"names":["_mongoose","_interopRequireDefault","require","UserSchema","mongoose","Schema","username","type","String","unique","lowercase","required","email","password","firstName","lastName","phoneNumber","Number","address","createdAt","Date","now","updatedAt","_default","model","exports"],"sourceRoot":"/Users/user/NODE JS ADVENTURES/FIRST_CRUD_PROJECT/src/model/","sources":["user.js"],"sourcesContent":["import mongoose from \"mongoose\";\n\nconst UserSchema = new mongoose.Schema({\n    username: {\n        type: String,\n        unique: true,\n        lowercase: true,\n        required: true\n    },\n    email: {\n        type: String,\n        lowercase: true,\n        required: true\n    },\n    password: {\n        type: String,\n        required: true\n    },\n    firstName: {\n        type: String,\n        lowercase: true,\n    },\n    lastName: {\n        type: String,\n        lowercase: true,\n    },\n    phoneNumber: {\n        type: Number,\n        lowercase: true,\n    },\n    address: {\n        type: String,\n        lowercase: true,\n    },\n    createdAt: {\n        type: Date,\n        default: Date.now \n      },\n    updatedAt: {\n        type: Date,\n        default: Date.now \n    }\n });\n\n export default  mongoose.model(\"User\", UserSchema);\n"],"mappings":";;;;;;;AAAA,IAAAA,SAAA,GAAAC,sBAAA,CAAAC,OAAA;AAEA,IAAMC,UAAU,GAAG,IAAIC,oBAAQ,CAACC,MAAM,CAAC;EACnCC,QAAQ,EAAE;IACNC,IAAI,EAAEC,MAAM;IACZC,MAAM,EAAE,IAAI;IACZC,SAAS,EAAE,IAAI;IACfC,QAAQ,EAAE;EACd,CAAC;EACDC,KAAK,EAAE;IACHL,IAAI,EAAEC,MAAM;IACZE,SAAS,EAAE,IAAI;IACfC,QAAQ,EAAE;EACd,CAAC;EACDE,QAAQ,EAAE;IACNN,IAAI,EAAEC,MAAM;IACZG,QAAQ,EAAE;EACd,CAAC;EACDG,SAAS,EAAE;IACPP,IAAI,EAAEC,MAAM;IACZE,SAAS,EAAE;EACf,CAAC;EACDK,QAAQ,EAAE;IACNR,IAAI,EAAEC,MAAM;IACZE,SAAS,EAAE;EACf,CAAC;EACDM,WAAW,EAAE;IACTT,IAAI,EAAEU,MAAM;IACZP,SAAS,EAAE;EACf,CAAC;EACDQ,OAAO,EAAE;IACLX,IAAI,EAAEC,MAAM;IACZE,SAAS,EAAE;EACf,CAAC;EACDS,SAAS,EAAE;IACPZ,IAAI,EAAEa,IAAI;IACV,WAASA,IAAI,CAACC;EAChB,CAAC;EACHC,SAAS,EAAE;IACPf,IAAI,EAAEa,IAAI;IACV,WAASA,IAAI,CAACC;EAClB;AACH,CAAC,CAAC;AAAC,IAAAE,QAAA,GAEanB,oBAAQ,CAACoB,KAAK,CAAC,MAAM,EAAErB,UAAU,CAAC;AAAAsB,OAAA,cAAAF,QAAA"},"_coverageSchema":"1a1c01bbd47fc00a2c39e90264f33305004495a9","hash":"908cde3fd32223350020b8be1a581248e0c1bde7","contentHash":"51b95a4d7059cc076d561598b1ac867e059bffc4e0bd153916cb4098cad3f885"},"/Users/user/NODE JS ADVENTURES/FIRST_CRUD_PROJECT/src/tests/usertestdata.js":{"path":"/Users/user/NODE JS ADVENTURES/FIRST_CRUD_PROJECT/src/tests/usertestdata.js","statementMap":{"0":{"start":{"line":3,"column":0},"end":{"line":5,"column":3}},"1":{"start":{"line":6,"column":0},"end":{"line":6,"column":88}},"2":{"start":{"line":7,"column":11},"end":{"line":11,"column":1}},"3":{"start":{"line":12,"column":0},"end":{"line":12,"column":20}},"4":{"start":{"line":13,"column":12},"end":{"line":17,"column":1}},"5":{"start":{"line":18,"column":0},"end":{"line":18,"column":22}},"6":{"start":{"line":19,"column":12},"end":{"line":23,"column":1}},"7":{"start":{"line":24,"column":0},"end":{"line":24,"column":22}},"8":{"start":{"line":25,"column":12},"end":{"line":29,"column":1}},"9":{"start":{"line":30,"column":0},"end":{"line":30,"column":22}},"10":{"start":{"line":31,"column":14},"end":{"line":35,"column":1}},"11":{"start":{"line":36,"column":0},"end":{"line":36,"column":26}}},"fnMap":{},"branchMap":{},"s":{"0":1,"1":1,"2":1,"3":1,"4":1,"5":1,"6":1,"7":1,"8":1,"9":1,"10":1,"11":1},"f":{},"b":{},"inputSourceMap":{"version":3,"names":["user","email","username","password","exports","user2","user3","user4","profile","firstName","lastName","phoneNumber"],"sourceRoot":"/Users/user/NODE JS ADVENTURES/FIRST_CRUD_PROJECT/src/tests/","sources":["usertestdata.js"],"sourcesContent":["const user = {\n    email:\"randommail@gmail.com\",\n    username:\"yusuf\",\n    password:\"123456\"\n};\n\nconst user2 = {\n    email:\"temporalmail@gmail.com\",\n    username:\"Brenda\",\n    password:\"12345567\"\n};\n\nconst user3 ={\n    email:\"mainmail@gmail.com\",\n    username:\"mainman\",\n    password:\"12345678\"\n}\n\nconst user4 = {\n    email:\"temporalmail@gmail.com\",\n    username:\"Brenda\",\n    password:\"1234556789\"\n};\n\nconst profile = {\n    firstName: \"Joseph\",\n    lastName: \"King\",\n    phoneNumber:\"+2348109856487\"\n}\n\nexport {\n    user,\n    user2,\n    user3,\n    user4,\n    profile\n};"],"mappings":";;;;;;AAAA,IAAMA,IAAI,GAAG;EACTC,KAAK,EAAC,sBAAsB;EAC5BC,QAAQ,EAAC,OAAO;EAChBC,QAAQ,EAAC;AACb,CAAC;AAACC,OAAA,CAAAJ,IAAA,GAAAA,IAAA;AAEF,IAAMK,KAAK,GAAG;EACVJ,KAAK,EAAC,wBAAwB;EAC9BC,QAAQ,EAAC,QAAQ;EACjBC,QAAQ,EAAC;AACb,CAAC;AAACC,OAAA,CAAAC,KAAA,GAAAA,KAAA;AAEF,IAAMC,KAAK,GAAE;EACTL,KAAK,EAAC,oBAAoB;EAC1BC,QAAQ,EAAC,SAAS;EAClBC,QAAQ,EAAC;AACb,CAAC;AAAAC,OAAA,CAAAE,KAAA,GAAAA,KAAA;AAED,IAAMC,KAAK,GAAG;EACVN,KAAK,EAAC,wBAAwB;EAC9BC,QAAQ,EAAC,QAAQ;EACjBC,QAAQ,EAAC;AACb,CAAC;AAACC,OAAA,CAAAG,KAAA,GAAAA,KAAA;AAEF,IAAMC,OAAO,GAAG;EACZC,SAAS,EAAE,QAAQ;EACnBC,QAAQ,EAAE,MAAM;EAChBC,WAAW,EAAC;AAChB,CAAC;AAAAP,OAAA,CAAAI,OAAA,GAAAA,OAAA"},"_coverageSchema":"1a1c01bbd47fc00a2c39e90264f33305004495a9","hash":"be15b215c9825910c67306f5c4b3c3b31ad15b80","contentHash":"48b9a307a4e9ffee856b0d75316267e5f989cdb58145a360a9db6ae9196257e5"}}