TN:
SF:src/server.js
FN:22,(anonymous_0)
FN:26,(anonymous_1)
FNF:2
FNH:1
FNDA:0,(anonymous_0)
FNDA:1,(anonymous_1)
DA:1,1
DA:2,1
DA:3,1
DA:4,1
DA:5,1
DA:7,1
DA:8,1
DA:11,1
DA:13,1
DA:14,1
DA:17,1
DA:20,1
DA:22,1
DA:23,0
DA:26,1
DA:27,1
DA:31,1
LF:17
LH:16
BRDA:8,0,0,1
BRDA:8,0,1,1
BRF:2
BRH:2
end_of_record
TN:
SF:src/config/db.js
FN:11,(anonymous_0)
FN:11,_callee
FN:11,connectDB
FN:41,(anonymous_4)
FN:41,_callee2
FN:44,(anonymous_7)
FN:41,dropDB
FNF:7
FNH:6
FNDA:1,(anonymous_0)
FNDA:8,_callee
FNDA:2,connectDB
FNDA:1,(anonymous_4)
FNDA:2,_callee2
FNDA:0,(anonymous_7)
FNDA:1,dropDB
DA:2,1
DA:3,1
DA:7,1
DA:9,1
DA:10,1
DA:11,16
DA:14,2
DA:20,2
DA:22,4
DA:24,0
DA:25,0
DA:28,0
DA:29,0
DA:32,2
DA:34,2
DA:35,6
DA:38,2
DA:39,1
DA:41,4
DA:43,1
DA:44,1
DA:45,3
DA:49,1
DA:137,1
LF:24
LH:20
BRDA:11,0,0,2
BRDA:11,0,1,0
BRDA:11,0,2,0
BRDA:11,0,3,0
BRDA:11,0,4,0
BRDA:11,0,5,2
BRDA:11,0,6,2
BRDA:11,0,7,2
BRDA:11,0,8,0
BRDA:11,0,9,0
BRDA:11,0,10,2
BRDA:22,1,0,0
BRDA:22,1,1,4
BRDA:41,2,0,1
BRDA:41,2,1,0
BRDA:41,2,2,1
BRDA:41,2,3,1
BRF:17
BRH:9
end_of_record
TN:
SF:src/controller/user.js
FN:16,(anonymous_0)
FN:17,_callee
FN:17,_callee$
FN:46,createNewUser
FN:48,(anonymous_6)
FN:50,_callee2
FN:50,_callee2$
FN:71,getOneUserById
FN:72,(anonymous_10)
FN:74,_callee3
FN:74,_callee3$
FN:91,getAllUsers
FN:92,(anonymous_14)
FN:94,_callee4
FN:94,_callee4$
FN:117,updateUser
FN:118,(anonymous_18)
FN:120,_callee5
FN:120,_callee5$
FN:140,deleteUser
FNF:20
FNH:20
FNDA:2,(anonymous_0)
FNDA:4,_callee
FNDA:4,_callee$
FNDA:4,createNewUser
FNDA:1,(anonymous_6)
FNDA:1,_callee2
FNDA:3,_callee2$
FNDA:1,getOneUserById
FNDA:1,(anonymous_10)
FNDA:1,_callee3
FNDA:1,_callee3$
FNDA:1,getAllUsers
FNDA:1,(anonymous_14)
FNDA:1,_callee4
FNDA:3,_callee4$
FNDA:1,updateUser
FNDA:1,(anonymous_18)
FNDA:1,_callee5
FNDA:3,_callee5$
FNDA:1,deleteUser
DA:1,1
DA:3,1
DA:14,1
DA:16,2
DA:17,16
DA:19,4
DA:20,8
DA:22,4
DA:23,0
DA:24,0
DA:25,0
DA:29,0
DA:30,0
DA:31,0
DA:32,0
DA:33,0
DA:39,0
DA:44,0
DA:46,5
DA:48,1
DA:50,7
DA:52,1
DA:53,1
DA:54,1
DA:59,0
DA:64,0
DA:69,1
DA:71,2
DA:72,1
DA:74,3
DA:76,0
DA:77,0
DA:84,0
DA:90,0
DA:91,2
DA:92,1
DA:94,7
DA:96,1
DA:98,1
DA:99,1
DA:100,1
DA:105,0
DA:110,0
DA:116,1
DA:117,2
DA:118,1
DA:120,7
DA:122,1
DA:123,1
DA:124,1
DA:129,0
DA:133,0
DA:139,1
DA:140,4
LF:54
LH:34
BRDA:17,0,0,4
BRDA:17,0,1,4
BRDA:17,0,2,0
BRDA:17,0,3,0
BRDA:17,0,4,0
BRDA:17,0,5,0
BRDA:17,0,6,0
BRDA:17,0,7,0
BRDA:17,0,8,0
BRDA:17,0,9,0
BRDA:17,0,10,0
BRDA:19,1,0,4
BRDA:19,1,1,0
BRDA:20,2,0,4
BRDA:20,2,1,4
BRDA:20,2,2,4
BRDA:24,3,0,0
BRDA:24,3,1,0
BRDA:25,4,0,0
BRDA:25,4,1,0
BRDA:32,5,0,0
BRDA:32,5,1,0
BRDA:50,6,0,1
BRDA:50,6,1,1
BRDA:50,6,2,0
BRDA:50,6,3,0
BRDA:50,6,4,0
BRDA:50,6,5,1
BRDA:53,7,0,0
BRDA:53,7,1,1
BRDA:74,8,0,1
BRDA:74,8,1,0
BRDA:74,8,2,0
BRDA:74,8,3,0
BRDA:74,8,4,0
BRDA:74,8,5,0
BRDA:74,8,6,0
BRDA:76,9,0,0
BRDA:76,9,1,0
BRDA:94,10,0,1
BRDA:94,10,1,1
BRDA:94,10,2,0
BRDA:94,10,3,0
BRDA:94,10,4,0
BRDA:94,10,5,0
BRDA:94,10,6,1
BRDA:99,11,0,0
BRDA:99,11,1,1
BRDA:120,12,0,1
BRDA:120,12,1,1
BRDA:120,12,2,0
BRDA:120,12,3,0
BRDA:120,12,4,0
BRDA:120,12,5,0
BRDA:120,12,6,1
BRDA:123,13,0,0
BRDA:123,13,1,1
BRF:57
BRH:19
end_of_record
TN:
SF:src/model/user.js
FNF:0
FNH:0
DA:1,1
DA:3,1
DA:45,1
LF:3
LH:3
BRF:0
BRH:0
end_of_record
TN:
SF:src/routes/index.js
FNF:0
FNH:0
DA:1,1
DA:3,1
DA:5,1
DA:7,1
DA:9,1
DA:10,1
DA:11,1
DA:12,1
DA:13,1
DA:15,1
LF:10
LH:10
BRF:0
BRH:0
end_of_record
TN:
SF:src/services/user.js
FN:4,(anonymous_0)
FN:5,_callee
FN:5,_callee$
FN:11,createUser
FN:13,_callee2
FN:13,_callee2$
FN:19,findUser
FN:21,_callee3
FN:21,_callee3$
FN:27,findById
FN:29,_callee4
FN:35,getUsers
FN:37,_callee5
FN:37,_callee5$
FN:43,checkUsername
FN:45,_callee6
FN:45,_callee6$
FN:51,updateUser
FN:53,_callee7
FN:53,_callee7$
FN:59,deleteUser
FNF:21
FNH:17
FNDA:2,(anonymous_0)
FNDA:0,_callee
FNDA:0,_callee$
FNDA:1,createUser
FNDA:4,_callee2
FNDA:4,_callee2$
FNDA:5,findUser
FNDA:1,_callee3
FNDA:3,_callee3$
FNDA:2,findById
FNDA:2,_callee4
FNDA:2,getUsers
FNDA:0,_callee5
FNDA:0,_callee5$
FNDA:1,checkUsername
FNDA:1,_callee6
FNDA:3,_callee6$
FNDA:2,updateUser
FNDA:1,_callee7
FNDA:3,_callee7$
FNDA:1,deleteUser
DA:1,1
DA:4,2
DA:5,0
DA:7,0
DA:10,0
DA:11,1
DA:13,12
DA:15,0
DA:18,0
DA:19,5
DA:21,8
DA:23,4
DA:27,2
DA:29,3
DA:31,0
DA:34,0
DA:35,2
DA:37,0
DA:39,0
DA:42,0
DA:43,1
DA:45,8
DA:47,4
DA:51,2
DA:53,8
DA:55,4
DA:59,4
LF:27
LH:17
BRDA:5,0,0,0
BRDA:5,0,1,0
BRDA:5,0,2,0
BRDA:5,0,3,0
BRDA:5,0,4,0
BRDA:5,0,5,0
BRDA:13,1,0,4
BRDA:13,1,1,0
BRDA:13,1,2,0
BRDA:13,1,3,0
BRDA:13,1,4,0
BRDA:13,1,5,0
BRDA:21,2,0,1
BRDA:21,2,1,0
BRDA:21,2,2,1
BRDA:21,2,3,0
BRDA:21,2,4,1
BRDA:29,3,0,1
BRDA:29,3,1,0
BRDA:29,3,2,0
BRDA:29,3,3,0
BRDA:29,3,4,0
BRDA:29,3,5,0
BRDA:37,4,0,0
BRDA:37,4,1,0
BRDA:37,4,2,0
BRDA:37,4,3,0
BRDA:37,4,4,0
BRDA:37,4,5,0
BRDA:45,5,0,1
BRDA:45,5,1,0
BRDA:45,5,2,1
BRDA:45,5,3,0
BRDA:45,5,4,1
BRDA:53,6,0,1
BRDA:53,6,1,0
BRDA:53,6,2,1
BRDA:53,6,3,0
BRDA:53,6,4,1
BRF:39
BRH:11
end_of_record
TN:
SF:src/tests/index.js
FNF:0
FNH:0
DA:3,1
LF:1
LH:1
BRF:0
BRH:0
end_of_record
TN:
SF:src/tests/usertest.js
FN:19,(anonymous_0)
FN:20,(anonymous_1)
FN:24,(anonymous_2)
FN:25,(anonymous_3)
FN:31,(anonymous_4)
FN:38,(anonymous_5)
FN:44,(anonymous_6)
FN:48,(anonymous_7)
FN:54,(anonymous_8)
FN:58,(anonymous_9)
FN:59,(anonymous_10)
FN:63,(anonymous_11)
FN:70,(anonymous_12)
FN:72,(anonymous_13)
FN:78,(anonymous_14)
FN:83,(anonymous_15)
FN:89,(anonymous_16)
FN:94,(anonymous_17)
FN:98,(anonymous_18)
FN:104,(anonymous_19)
FN:109,(anonymous_20)
FNF:21
FNH:16
FNDA:1,(anonymous_0)
FNDA:1,(anonymous_1)
FNDA:1,(anonymous_2)
FNDA:1,(anonymous_3)
FNDA:0,(anonymous_4)
FNDA:1,(anonymous_5)
FNDA:0,(anonymous_6)
FNDA:1,(anonymous_7)
FNDA:0,(anonymous_8)
FNDA:1,(anonymous_9)
FNDA:1,(anonymous_10)
FNDA:0,(anonymous_11)
FNDA:1,(anonymous_12)
FNDA:1,(anonymous_13)
FNDA:0,(anonymous_14)
FNDA:1,(anonymous_15)
FNDA:1,(anonymous_16)
FNDA:1,(anonymous_17)
FNDA:1,(anonymous_18)
FNDA:1,(anonymous_19)
FNDA:1,(anonymous_20)
DA:1,1
DA:2,1
DA:3,1
DA:4,1
DA:7,1
DA:14,1
DA:16,1
DA:17,1
DA:19,1
DA:20,1
DA:21,1
DA:22,1
DA:24,1
DA:25,1
DA:26,1
DA:32,0
DA:33,0
DA:34,0
DA:35,0
DA:38,1
DA:39,1
DA:45,0
DA:48,1
DA:49,1
DA:55,0
DA:58,1
DA:59,1
DA:60,1
DA:64,0
DA:65,0
DA:66,0
DA:70,1
DA:72,1
DA:73,1
DA:79,0
DA:80,0
DA:83,1
DA:84,1
DA:90,1
DA:91,1
DA:94,1
DA:95,1
DA:99,1
DA:100,1
DA:101,1
DA:104,1
DA:105,1
DA:110,1
DA:111,1
DA:118,1
DA:203,1
LF:51
LH:40
BRDA:79,0,0,0
BRDA:79,0,1,0
BRF:2
BRH:0
end_of_record
TN:
SF:src/tests/usertestdata.js
FNF:0
FNH:0
DA:1,1
DA:5,1
DA:7,1
DA:11,1
DA:13,1
DA:17,1
DA:19,1
DA:23,1
DA:25,1
DA:107,1
LF:10
LH:10
BRF:0
BRH:0
end_of_record
